{"C:\\Users\\Travis\\OneDrive\\Desktop\\buildforge\\server\\services\\advisor\\compatibility.service.js": {"path":"C:\\Users\\Travis\\OneDrive\\Desktop\\buildforge\\server\\services\\advisor\\compatibility.service.js","statementMap":{"0":{"start":{"line":19,"column":17},"end":{"line":19,"column":19}},"1":{"start":{"line":20,"column":19},"end":{"line":20,"column":21}},"2":{"start":{"line":21,"column":15},"end":{"line":21,"column":17}},"3":{"start":{"line":24,"column":14},"end":{"line":24,"column":23}},"4":{"start":{"line":25,"column":22},"end":{"line":25,"column":39}},"5":{"start":{"line":26,"column":14},"end":{"line":26,"column":29}},"6":{"start":{"line":27,"column":14},"end":{"line":27,"column":23}},"7":{"start":{"line":28,"column":17},"end":{"line":28,"column":43}},"8":{"start":{"line":29,"column":14},"end":{"line":29,"column":23}},"9":{"start":{"line":30,"column":18},"end":{"line":30,"column":37}},"10":{"start":{"line":31,"column":17},"end":{"line":31,"column":29}},"11":{"start":{"line":33,"column":25},"end":{"line":33,"column":28}},"12":{"start":{"line":34,"column":19},"end":{"line":34,"column":20}},"13":{"start":{"line":37,"column":19},"end":{"line":41,"column":3}},"14":{"start":{"line":38,"column":4},"end":{"line":40,"column":null}},"15":{"start":{"line":39,"column":6},"end":{"line":39,"column":null}},"16":{"start":{"line":44,"column":17},"end":{"line":48,"column":3}},"17":{"start":{"line":45,"column":4},"end":{"line":47,"column":null}},"18":{"start":{"line":46,"column":6},"end":{"line":46,"column":null}},"19":{"start":{"line":50,"column":2},"end":{"line":50,"column":16}},"20":{"start":{"line":50,"column":17},"end":{"line":50,"column":null}},"21":{"start":{"line":51,"column":2},"end":{"line":51,"column":24}},"22":{"start":{"line":51,"column":25},"end":{"line":51,"column":null}},"23":{"start":{"line":52,"column":2},"end":{"line":52,"column":null}},"24":{"start":{"line":52,"column":21},"end":{"line":52,"column":33}},"25":{"start":{"line":52,"column":34},"end":{"line":52,"column":44}},"26":{"start":{"line":53,"column":2},"end":{"line":53,"column":16}},"27":{"start":{"line":53,"column":17},"end":{"line":53,"column":null}},"28":{"start":{"line":54,"column":2},"end":{"line":54,"column":19}},"29":{"start":{"line":54,"column":20},"end":{"line":54,"column":null}},"30":{"start":{"line":55,"column":2},"end":{"line":55,"column":null}},"31":{"start":{"line":56,"column":2},"end":{"line":56,"column":null}},"32":{"start":{"line":56,"column":25},"end":{"line":56,"column":37}},"33":{"start":{"line":56,"column":38},"end":{"line":56,"column":48}},"34":{"start":{"line":57,"column":2},"end":{"line":57,"column":19}},"35":{"start":{"line":57,"column":20},"end":{"line":57,"column":null}},"36":{"start":{"line":60,"column":2},"end":{"line":69,"column":null}},"37":{"start":{"line":61,"column":4},"end":{"line":68,"column":null}},"38":{"start":{"line":62,"column":6},"end":{"line":67,"column":null}},"39":{"start":{"line":72,"column":2},"end":{"line":120,"column":null}},"40":{"start":{"line":73,"column":22},"end":{"line":73,"column":51}},"41":{"start":{"line":74,"column":21},"end":{"line":74,"column":98}},"42":{"start":{"line":75,"column":20},"end":{"line":75,"column":101}},"43":{"start":{"line":77,"column":23},"end":{"line":77,"column":24}},"44":{"start":{"line":78,"column":24},"end":{"line":78,"column":25}},"45":{"start":{"line":79,"column":29},"end":{"line":79,"column":34}},"46":{"start":{"line":81,"column":4},"end":{"line":92,"column":null}},"47":{"start":{"line":83,"column":6},"end":{"line":85,"column":null}},"48":{"start":{"line":84,"column":8},"end":{"line":84,"column":null}},"49":{"start":{"line":87,"column":22},"end":{"line":87,"column":68}},"50":{"start":{"line":88,"column":27},"end":{"line":88,"column":93}},"51":{"start":{"line":90,"column":6},"end":{"line":90,"column":null}},"52":{"start":{"line":91,"column":6},"end":{"line":91,"column":null}},"53":{"start":{"line":94,"column":4},"end":{"line":101,"column":null}},"54":{"start":{"line":95,"column":6},"end":{"line":100,"column":null}},"55":{"start":{"line":103,"column":4},"end":{"line":110,"column":null}},"56":{"start":{"line":104,"column":6},"end":{"line":109,"column":null}},"57":{"start":{"line":112,"column":4},"end":{"line":119,"column":null}},"58":{"start":{"line":113,"column":6},"end":{"line":118,"column":null}},"59":{"start":{"line":123,"column":2},"end":{"line":135,"column":null}},"60":{"start":{"line":124,"column":33},"end":{"line":124,"column":73}},"61":{"start":{"line":125,"column":25},"end":{"line":125,"column":54}},"62":{"start":{"line":127,"column":4},"end":{"line":134,"column":null}},"63":{"start":{"line":128,"column":6},"end":{"line":133,"column":null}},"64":{"start":{"line":138,"column":2},"end":{"line":150,"column":null}},"65":{"start":{"line":139,"column":19},"end":{"line":139,"column":71}},"66":{"start":{"line":140,"column":23},"end":{"line":140,"column":100}},"67":{"start":{"line":142,"column":4},"end":{"line":149,"column":null}},"68":{"start":{"line":143,"column":6},"end":{"line":148,"column":null}},"69":{"start":{"line":153,"column":2},"end":{"line":179,"column":null}},"70":{"start":{"line":154,"column":18},"end":{"line":154,"column":61}},"71":{"start":{"line":156,"column":4},"end":{"line":178,"column":null}},"72":{"start":{"line":157,"column":22},"end":{"line":157,"column":92}},"73":{"start":{"line":158,"column":25},"end":{"line":158,"column":60}},"74":{"start":{"line":159,"column":6},"end":{"line":166,"column":null}},"75":{"start":{"line":160,"column":8},"end":{"line":165,"column":null}},"76":{"start":{"line":168,"column":27},"end":{"line":168,"column":85}},"77":{"start":{"line":169,"column":28},"end":{"line":169,"column":111}},"78":{"start":{"line":170,"column":6},"end":{"line":177,"column":null}},"79":{"start":{"line":171,"column":8},"end":{"line":176,"column":null}},"80":{"start":{"line":182,"column":2},"end":{"line":194,"column":null}},"81":{"start":{"line":183,"column":22},"end":{"line":183,"column":39}},"82":{"start":{"line":184,"column":29},"end":{"line":184,"column":65}},"83":{"start":{"line":186,"column":4},"end":{"line":193,"column":null}},"84":{"start":{"line":187,"column":6},"end":{"line":192,"column":null}},"85":{"start":{"line":197,"column":2},"end":{"line":230,"column":null}},"86":{"start":{"line":198,"column":22},"end":{"line":198,"column":88}},"87":{"start":{"line":199,"column":19},"end":{"line":199,"column":99}},"88":{"start":{"line":201,"column":20},"end":{"line":201,"column":21}},"89":{"start":{"line":202,"column":20},"end":{"line":202,"column":21}},"90":{"start":{"line":204,"column":4},"end":{"line":211,"column":null}},"91":{"start":{"line":205,"column":25},"end":{"line":205,"column":49}},"92":{"start":{"line":206,"column":6},"end":{"line":210,"column":null}},"93":{"start":{"line":207,"column":8},"end":{"line":207,"column":null}},"94":{"start":{"line":208,"column":13},"end":{"line":210,"column":null}},"95":{"start":{"line":209,"column":8},"end":{"line":209,"column":null}},"96":{"start":{"line":213,"column":4},"end":{"line":220,"column":null}},"97":{"start":{"line":214,"column":6},"end":{"line":219,"column":null}},"98":{"start":{"line":222,"column":4},"end":{"line":229,"column":null}},"99":{"start":{"line":223,"column":6},"end":{"line":228,"column":null}},"100":{"start":{"line":233,"column":2},"end":{"line":251,"column":null}},"101":{"start":{"line":234,"column":23},"end":{"line":234,"column":73}},"102":{"start":{"line":235,"column":4},"end":{"line":242,"column":null}},"103":{"start":{"line":236,"column":6},"end":{"line":241,"column":null}},"104":{"start":{"line":245,"column":4},"end":{"line":250,"column":null}},"105":{"start":{"line":254,"column":2},"end":{"line":264,"column":null}},"106":{"start":{"line":255,"column":23},"end":{"line":255,"column":52}},"107":{"start":{"line":256,"column":4},"end":{"line":263,"column":null}},"108":{"start":{"line":257,"column":6},"end":{"line":262,"column":null}},"109":{"start":{"line":267,"column":19},"end":{"line":267,"column":20}},"110":{"start":{"line":268,"column":2},"end":{"line":268,"column":null}},"111":{"start":{"line":268,"column":11},"end":{"line":268,"column":null}},"112":{"start":{"line":269,"column":2},"end":{"line":269,"column":null}},"113":{"start":{"line":269,"column":11},"end":{"line":269,"column":null}},"114":{"start":{"line":272,"column":2},"end":{"line":276,"column":null}},"115":{"start":{"line":273,"column":4},"end":{"line":273,"column":69}},"116":{"start":{"line":275,"column":4},"end":{"line":275,"column":null}},"117":{"start":{"line":278,"column":2},"end":{"line":286,"column":null}},"118":{"start":{"line":289,"column":0},"end":{"line":291,"column":null}}},"fnMap":{"0":{"name":"validateBuild","decl":{"start":{"line":18,"column":9},"end":{"line":18,"column":22}},"loc":{"start":{"line":18,"column":30},"end":{"line":287,"column":null}},"line":18},"1":{"name":"(anonymous_1)","decl":{"start":{"line":37,"column":19},"end":{"line":37,"column":20}},"loc":{"start":{"line":37,"column":34},"end":{"line":41,"column":3}},"line":37},"2":{"name":"(anonymous_2)","decl":{"start":{"line":44,"column":17},"end":{"line":44,"column":18}},"loc":{"start":{"line":44,"column":32},"end":{"line":48,"column":3}},"line":44},"3":{"name":"(anonymous_3)","decl":{"start":{"line":52,"column":14},"end":{"line":52,"column":15}},"loc":{"start":{"line":52,"column":19},"end":{"line":52,"column":46}},"line":52},"4":{"name":"(anonymous_4)","decl":{"start":{"line":56,"column":18},"end":{"line":56,"column":19}},"loc":{"start":{"line":56,"column":23},"end":{"line":56,"column":50}},"line":56},"5":{"name":"(anonymous_5)","decl":{"start":{"line":81,"column":16},"end":{"line":81,"column":17}},"loc":{"start":{"line":81,"column":21},"end":{"line":92,"column":5}},"line":81},"6":{"name":"(anonymous_6)","decl":{"start":{"line":204,"column":20},"end":{"line":204,"column":21}},"loc":{"start":{"line":204,"column":25},"end":{"line":211,"column":5}},"line":204}},"branchMap":{"0":{"loc":{"start":{"line":26,"column":14},"end":{"line":26,"column":29}},"type":"binary-expr","locations":[{"start":{"line":26,"column":14},"end":{"line":26,"column":23}},{"start":{"line":26,"column":27},"end":{"line":26,"column":29}}],"line":26},"1":{"loc":{"start":{"line":28,"column":17},"end":{"line":28,"column":43}},"type":"binary-expr","locations":[{"start":{"line":28,"column":17},"end":{"line":28,"column":29}},{"start":{"line":28,"column":33},"end":{"line":28,"column":43}}],"line":28},"2":{"loc":{"start":{"line":30,"column":18},"end":{"line":30,"column":37}},"type":"binary-expr","locations":[{"start":{"line":30,"column":18},"end":{"line":30,"column":31}},{"start":{"line":30,"column":35},"end":{"line":30,"column":37}}],"line":30},"3":{"loc":{"start":{"line":38,"column":4},"end":{"line":40,"column":null}},"type":"if","locations":[{"start":{"line":38,"column":4},"end":{"line":40,"column":null}},{"start":{},"end":{}}],"line":38},"4":{"loc":{"start":{"line":39,"column":20},"end":{"line":39,"column":67}},"type":"binary-expr","locations":[{"start":{"line":39,"column":20},"end":{"line":39,"column":43}},{"start":{"line":39,"column":47},"end":{"line":39,"column":62}},{"start":{"line":39,"column":66},"end":{"line":39,"column":67}}],"line":39},"5":{"loc":{"start":{"line":45,"column":4},"end":{"line":47,"column":null}},"type":"if","locations":[{"start":{"line":45,"column":4},"end":{"line":47,"column":null}},{"start":{},"end":{}}],"line":45},"6":{"loc":{"start":{"line":60,"column":2},"end":{"line":69,"column":null}},"type":"if","locations":[{"start":{"line":60,"column":2},"end":{"line":69,"column":null}},{"start":{},"end":{}}],"line":60},"7":{"loc":{"start":{"line":60,"column":6},"end":{"line":60,"column":24}},"type":"binary-expr","locations":[{"start":{"line":60,"column":6},"end":{"line":60,"column":9}},{"start":{"line":60,"column":13},"end":{"line":60,"column":24}}],"line":60},"8":{"loc":{"start":{"line":61,"column":4},"end":{"line":68,"column":null}},"type":"if","locations":[{"start":{"line":61,"column":4},"end":{"line":68,"column":null}},{"start":{},"end":{}}],"line":61},"9":{"loc":{"start":{"line":65,"column":41},"end":{"line":65,"column":71}},"type":"binary-expr","locations":[{"start":{"line":65,"column":41},"end":{"line":65,"column":58}},{"start":{"line":65,"column":62},"end":{"line":65,"column":71}}],"line":65},"10":{"loc":{"start":{"line":65,"column":115},"end":{"line":65,"column":153}},"type":"binary-expr","locations":[{"start":{"line":65,"column":115},"end":{"line":65,"column":140}},{"start":{"line":65,"column":144},"end":{"line":65,"column":153}}],"line":65},"11":{"loc":{"start":{"line":72,"column":2},"end":{"line":120,"column":null}},"type":"if","locations":[{"start":{"line":72,"column":2},"end":{"line":120,"column":null}},{"start":{},"end":{}}],"line":72},"12":{"loc":{"start":{"line":72,"column":6},"end":{"line":72,"column":35}},"type":"binary-expr","locations":[{"start":{"line":72,"column":6},"end":{"line":72,"column":17}},{"start":{"line":72,"column":21},"end":{"line":72,"column":35}}],"line":72},"13":{"loc":{"start":{"line":74,"column":21},"end":{"line":74,"column":98}},"type":"cond-expr","locations":[{"start":{"line":74,"column":52},"end":{"line":74,"column":87}},{"start":{"line":74,"column":90},"end":{"line":74,"column":98}}],"line":74},"14":{"loc":{"start":{"line":75,"column":20},"end":{"line":75,"column":101}},"type":"cond-expr","locations":[{"start":{"line":75,"column":53},"end":{"line":75,"column":90}},{"start":{"line":75,"column":93},"end":{"line":75,"column":101}}],"line":75},"15":{"loc":{"start":{"line":83,"column":6},"end":{"line":85,"column":null}},"type":"if","locations":[{"start":{"line":83,"column":6},"end":{"line":85,"column":null}},{"start":{},"end":{}}],"line":83},"16":{"loc":{"start":{"line":83,"column":10},"end":{"line":83,"column":78}},"type":"binary-expr","locations":[{"start":{"line":83,"column":10},"end":{"line":83,"column":29}},{"start":{"line":83,"column":33},"end":{"line":83,"column":42}},{"start":{"line":83,"column":46},"end":{"line":83,"column":78}}],"line":83},"17":{"loc":{"start":{"line":87,"column":22},"end":{"line":87,"column":68}},"type":"cond-expr","locations":[{"start":{"line":87,"column":41},"end":{"line":87,"column":64}},{"start":{"line":87,"column":67},"end":{"line":87,"column":68}}],"line":87},"18":{"loc":{"start":{"line":88,"column":27},"end":{"line":88,"column":93}},"type":"cond-expr","locations":[{"start":{"line":88,"column":56},"end":{"line":88,"column":89}},{"start":{"line":88,"column":92},"end":{"line":88,"column":93}}],"line":88},"19":{"loc":{"start":{"line":94,"column":4},"end":{"line":101,"column":null}},"type":"if","locations":[{"start":{"line":94,"column":4},"end":{"line":101,"column":null}},{"start":{},"end":{}}],"line":94},"20":{"loc":{"start":{"line":103,"column":4},"end":{"line":110,"column":null}},"type":"if","locations":[{"start":{"line":103,"column":4},"end":{"line":110,"column":null}},{"start":{},"end":{}}],"line":103},"21":{"loc":{"start":{"line":112,"column":4},"end":{"line":119,"column":null}},"type":"if","locations":[{"start":{"line":112,"column":4},"end":{"line":119,"column":null}},{"start":{},"end":{}}],"line":112},"22":{"loc":{"start":{"line":123,"column":2},"end":{"line":135,"column":null}},"type":"if","locations":[{"start":{"line":123,"column":2},"end":{"line":135,"column":null}},{"start":{},"end":{}}],"line":123},"23":{"loc":{"start":{"line":123,"column":6},"end":{"line":123,"column":27}},"type":"binary-expr","locations":[{"start":{"line":123,"column":6},"end":{"line":123,"column":17}},{"start":{"line":123,"column":21},"end":{"line":123,"column":27}}],"line":123},"24":{"loc":{"start":{"line":124,"column":33},"end":{"line":124,"column":73}},"type":"binary-expr","locations":[{"start":{"line":124,"column":33},"end":{"line":124,"column":67}},{"start":{"line":124,"column":71},"end":{"line":124,"column":73}}],"line":124},"25":{"loc":{"start":{"line":127,"column":4},"end":{"line":134,"column":null}},"type":"if","locations":[{"start":{"line":127,"column":4},"end":{"line":134,"column":null}},{"start":{},"end":{}}],"line":127},"26":{"loc":{"start":{"line":127,"column":8},"end":{"line":127,"column":68}},"type":"binary-expr","locations":[{"start":{"line":127,"column":8},"end":{"line":127,"column":20}},{"start":{"line":127,"column":24},"end":{"line":127,"column":68}}],"line":127},"27":{"loc":{"start":{"line":138,"column":2},"end":{"line":150,"column":null}},"type":"if","locations":[{"start":{"line":138,"column":2},"end":{"line":150,"column":null}},{"start":{},"end":{}}],"line":138},"28":{"loc":{"start":{"line":138,"column":6},"end":{"line":138,"column":19}},"type":"binary-expr","locations":[{"start":{"line":138,"column":6},"end":{"line":138,"column":9}},{"start":{"line":138,"column":13},"end":{"line":138,"column":19}}],"line":138},"29":{"loc":{"start":{"line":139,"column":19},"end":{"line":139,"column":71}},"type":"cond-expr","locations":[{"start":{"line":139,"column":41},"end":{"line":139,"column":67}},{"start":{"line":139,"column":70},"end":{"line":139,"column":71}}],"line":139},"30":{"loc":{"start":{"line":140,"column":23},"end":{"line":140,"column":100}},"type":"cond-expr","locations":[{"start":{"line":140,"column":54},"end":{"line":140,"column":89}},{"start":{"line":140,"column":92},"end":{"line":140,"column":100}}],"line":140},"31":{"loc":{"start":{"line":142,"column":4},"end":{"line":149,"column":null}},"type":"if","locations":[{"start":{"line":142,"column":4},"end":{"line":149,"column":null}},{"start":{},"end":{}}],"line":142},"32":{"loc":{"start":{"line":153,"column":2},"end":{"line":179,"column":null}},"type":"if","locations":[{"start":{"line":153,"column":2},"end":{"line":179,"column":null}},{"start":{},"end":{}}],"line":153},"33":{"loc":{"start":{"line":153,"column":6},"end":{"line":153,"column":22}},"type":"binary-expr","locations":[{"start":{"line":153,"column":6},"end":{"line":153,"column":12}},{"start":{"line":153,"column":16},"end":{"line":153,"column":22}}],"line":153},"34":{"loc":{"start":{"line":156,"column":4},"end":{"line":178,"column":null}},"type":"if","locations":[{"start":{"line":156,"column":4},"end":{"line":178,"column":null}},{"start":{"line":167,"column":11},"end":{"line":178,"column":null}}],"line":156},"35":{"loc":{"start":{"line":157,"column":22},"end":{"line":157,"column":92}},"type":"cond-expr","locations":[{"start":{"line":157,"column":53},"end":{"line":157,"column":88}},{"start":{"line":157,"column":91},"end":{"line":157,"column":92}}],"line":157},"36":{"loc":{"start":{"line":158,"column":25},"end":{"line":158,"column":60}},"type":"binary-expr","locations":[{"start":{"line":158,"column":25},"end":{"line":158,"column":54}},{"start":{"line":158,"column":58},"end":{"line":158,"column":60}}],"line":158},"37":{"loc":{"start":{"line":159,"column":6},"end":{"line":166,"column":null}},"type":"if","locations":[{"start":{"line":159,"column":6},"end":{"line":166,"column":null}},{"start":{},"end":{}}],"line":159},"38":{"loc":{"start":{"line":159,"column":10},"end":{"line":159,"column":80}},"type":"binary-expr","locations":[{"start":{"line":159,"column":10},"end":{"line":159,"column":39}},{"start":{"line":159,"column":43},"end":{"line":159,"column":80}}],"line":159},"39":{"loc":{"start":{"line":168,"column":27},"end":{"line":168,"column":85}},"type":"cond-expr","locations":[{"start":{"line":168,"column":52},"end":{"line":168,"column":81}},{"start":{"line":168,"column":84},"end":{"line":168,"column":85}}],"line":168},"40":{"loc":{"start":{"line":169,"column":28},"end":{"line":169,"column":111}},"type":"cond-expr","locations":[{"start":{"line":169,"column":62},"end":{"line":169,"column":100}},{"start":{"line":169,"column":103},"end":{"line":169,"column":111}}],"line":169},"41":{"loc":{"start":{"line":170,"column":6},"end":{"line":177,"column":null}},"type":"if","locations":[{"start":{"line":170,"column":6},"end":{"line":177,"column":null}},{"start":{},"end":{}}],"line":170},"42":{"loc":{"start":{"line":182,"column":2},"end":{"line":194,"column":null}},"type":"if","locations":[{"start":{"line":182,"column":2},"end":{"line":194,"column":null}},{"start":{},"end":{}}],"line":182},"43":{"loc":{"start":{"line":182,"column":6},"end":{"line":182,"column":19}},"type":"binary-expr","locations":[{"start":{"line":182,"column":6},"end":{"line":182,"column":9}},{"start":{"line":182,"column":13},"end":{"line":182,"column":19}}],"line":182},"44":{"loc":{"start":{"line":184,"column":29},"end":{"line":184,"column":65}},"type":"binary-expr","locations":[{"start":{"line":184,"column":29},"end":{"line":184,"column":59}},{"start":{"line":184,"column":63},"end":{"line":184,"column":65}}],"line":184},"45":{"loc":{"start":{"line":186,"column":4},"end":{"line":193,"column":null}},"type":"if","locations":[{"start":{"line":186,"column":4},"end":{"line":193,"column":null}},{"start":{},"end":{}}],"line":186},"46":{"loc":{"start":{"line":186,"column":8},"end":{"line":186,"column":58}},"type":"binary-expr","locations":[{"start":{"line":186,"column":8},"end":{"line":186,"column":17}},{"start":{"line":186,"column":21},"end":{"line":186,"column":58}}],"line":186},"47":{"loc":{"start":{"line":197,"column":2},"end":{"line":230,"column":null}},"type":"if","locations":[{"start":{"line":197,"column":2},"end":{"line":230,"column":null}},{"start":{},"end":{}}],"line":197},"48":{"loc":{"start":{"line":197,"column":6},"end":{"line":197,"column":39}},"type":"binary-expr","locations":[{"start":{"line":197,"column":6},"end":{"line":197,"column":17}},{"start":{"line":197,"column":21},"end":{"line":197,"column":39}}],"line":197},"49":{"loc":{"start":{"line":198,"column":22},"end":{"line":198,"column":88}},"type":"cond-expr","locations":[{"start":{"line":198,"column":51},"end":{"line":198,"column":84}},{"start":{"line":198,"column":87},"end":{"line":198,"column":88}}],"line":198},"50":{"loc":{"start":{"line":199,"column":19},"end":{"line":199,"column":99}},"type":"cond-expr","locations":[{"start":{"line":199,"column":55},"end":{"line":199,"column":95}},{"start":{"line":199,"column":98},"end":{"line":199,"column":99}}],"line":199},"51":{"loc":{"start":{"line":205,"column":25},"end":{"line":205,"column":49}},"type":"binary-expr","locations":[{"start":{"line":205,"column":25},"end":{"line":205,"column":43}},{"start":{"line":205,"column":47},"end":{"line":205,"column":49}}],"line":205},"52":{"loc":{"start":{"line":206,"column":6},"end":{"line":210,"column":null}},"type":"if","locations":[{"start":{"line":206,"column":6},"end":{"line":210,"column":null}},{"start":{"line":208,"column":13},"end":{"line":210,"column":null}}],"line":206},"53":{"loc":{"start":{"line":206,"column":10},"end":{"line":206,"column":95}},"type":"binary-expr","locations":[{"start":{"line":206,"column":10},"end":{"line":206,"column":51}},{"start":{"line":206,"column":55},"end":{"line":206,"column":95}}],"line":206},"54":{"loc":{"start":{"line":208,"column":13},"end":{"line":210,"column":null}},"type":"if","locations":[{"start":{"line":208,"column":13},"end":{"line":210,"column":null}},{"start":{},"end":{}}],"line":208},"55":{"loc":{"start":{"line":213,"column":4},"end":{"line":220,"column":null}},"type":"if","locations":[{"start":{"line":213,"column":4},"end":{"line":220,"column":null}},{"start":{},"end":{}}],"line":213},"56":{"loc":{"start":{"line":222,"column":4},"end":{"line":229,"column":null}},"type":"if","locations":[{"start":{"line":222,"column":4},"end":{"line":229,"column":null}},{"start":{},"end":{}}],"line":222},"57":{"loc":{"start":{"line":233,"column":2},"end":{"line":251,"column":null}},"type":"if","locations":[{"start":{"line":233,"column":2},"end":{"line":251,"column":null}},{"start":{"line":243,"column":9},"end":{"line":251,"column":null}}],"line":233},"58":{"loc":{"start":{"line":234,"column":23},"end":{"line":234,"column":73}},"type":"cond-expr","locations":[{"start":{"line":234,"column":44},"end":{"line":234,"column":69}},{"start":{"line":234,"column":72},"end":{"line":234,"column":73}}],"line":234},"59":{"loc":{"start":{"line":235,"column":4},"end":{"line":242,"column":null}},"type":"if","locations":[{"start":{"line":235,"column":4},"end":{"line":242,"column":null}},{"start":{},"end":{}}],"line":235},"60":{"loc":{"start":{"line":254,"column":2},"end":{"line":264,"column":null}},"type":"if","locations":[{"start":{"line":254,"column":2},"end":{"line":264,"column":null}},{"start":{},"end":{}}],"line":254},"61":{"loc":{"start":{"line":254,"column":6},"end":{"line":254,"column":17}},"type":"binary-expr","locations":[{"start":{"line":254,"column":6},"end":{"line":254,"column":9}},{"start":{"line":254,"column":13},"end":{"line":254,"column":17}}],"line":254},"62":{"loc":{"start":{"line":256,"column":4},"end":{"line":263,"column":null}},"type":"if","locations":[{"start":{"line":256,"column":4},"end":{"line":263,"column":null}},{"start":{},"end":{}}],"line":256},"63":{"loc":{"start":{"line":256,"column":8},"end":{"line":256,"column":54}},"type":"binary-expr","locations":[{"start":{"line":256,"column":8},"end":{"line":256,"column":28}},{"start":{"line":256,"column":32},"end":{"line":256,"column":54}}],"line":256},"64":{"loc":{"start":{"line":268,"column":2},"end":{"line":268,"column":null}},"type":"if","locations":[{"start":{"line":268,"column":2},"end":{"line":268,"column":null}},{"start":{},"end":{}}],"line":268},"65":{"loc":{"start":{"line":268,"column":25},"end":{"line":268,"column":93}},"type":"cond-expr","locations":[{"start":{"line":268,"column":55},"end":{"line":268,"column":89}},{"start":{"line":268,"column":92},"end":{"line":268,"column":93}}],"line":268},"66":{"loc":{"start":{"line":269,"column":2},"end":{"line":269,"column":null}},"type":"if","locations":[{"start":{"line":269,"column":2},"end":{"line":269,"column":null}},{"start":{},"end":{}}],"line":269},"67":{"loc":{"start":{"line":269,"column":25},"end":{"line":269,"column":93}},"type":"cond-expr","locations":[{"start":{"line":269,"column":55},"end":{"line":269,"column":89}},{"start":{"line":269,"column":92},"end":{"line":269,"column":93}}],"line":269},"68":{"loc":{"start":{"line":272,"column":2},"end":{"line":276,"column":null}},"type":"if","locations":[{"start":{"line":272,"column":2},"end":{"line":276,"column":null}},{"start":{"line":274,"column":9},"end":{"line":276,"column":null}}],"line":272}},"s":{"0":21,"1":21,"2":21,"3":21,"4":21,"5":21,"6":21,"7":21,"8":21,"9":21,"10":21,"11":21,"12":21,"13":21,"14":136,"15":44,"16":21,"17":115,"18":5,"19":21,"20":21,"21":21,"22":21,"23":21,"24":6,"25":6,"26":21,"27":21,"28":21,"29":21,"30":21,"31":21,"32":4,"33":4,"34":21,"35":21,"36":21,"37":3,"38":2,"39":21,"40":5,"41":5,"42":5,"43":5,"44":5,"45":5,"46":5,"47":6,"48":2,"49":6,"50":6,"51":6,"52":6,"53":5,"54":2,"55":5,"56":1,"57":5,"58":1,"59":21,"60":2,"61":2,"62":2,"63":1,"64":21,"65":1,"66":1,"67":1,"68":1,"69":21,"70":2,"71":2,"72":1,"73":1,"74":1,"75":1,"76":1,"77":1,"78":1,"79":1,"80":9,"81":1,"82":1,"83":1,"84":1,"85":21,"86":2,"87":2,"88":2,"89":2,"90":2,"91":4,"92":4,"93":2,"94":2,"95":2,"96":2,"97":1,"98":2,"99":1,"100":2,"101":2,"102":2,"103":1,"104":19,"105":9,"106":6,"107":6,"108":1,"109":21,"110":9,"111":9,"112":4,"113":4,"114":21,"115":0,"116":21,"117":21,"118":1},"f":{"0":21,"1":136,"2":115,"3":6,"4":4,"5":6,"6":4},"b":{"0":[21,16],"1":[21,21],"2":[21,19],"3":[44,92],"4":[44,43,42],"5":[5,110],"6":[3,18],"7":[21,9],"8":[2,1],"9":[2,0],"10":[2,0],"11":[5,16],"12":[21,11],"13":[2,3],"14":[2,3],"15":[2,4],"16":[6,3,3],"17":[6,6],"18":[3,6],"19":[2,3],"20":[1,4],"21":[1,4],"22":[2,19],"23":[21,11],"24":[2,2],"25":[1,1],"26":[2,2],"27":[1,20],"28":[4,21],"29":[1,1],"30":[1,0],"31":[1,0],"32":[2,19],"33":[3,21],"34":[1,1],"35":[1,1],"36":[1,1],"37":[1,0],"38":[1,1],"39":[1,1],"40":[1,0],"41":[1,0],"42":[1,8],"43":[9,1],"44":[1,1],"45":[1,0],"46":[1,1],"47":[2,19],"48":[21,11],"49":[2,2],"50":[2,2],"51":[4,4],"52":[2,2],"53":[4,3],"54":[2,0],"55":[1,1],"56":[1,1],"57":[2,19],"58":[2,2],"59":[1,1],"60":[6,3],"61":[21,6],"62":[1,5],"63":[6,5],"64":[9,0],"65":[0,21],"66":[4,0],"67":[0,21],"68":[0,21]},"meta":{"lastBranch":69,"lastFunction":7,"lastStatement":119,"seen":{"f:18:9:18:22":0,"s:19:17:19:19":0,"s:20:19:20:21":1,"s:21:15:21:17":2,"s:24:14:24:23":3,"s:25:22:25:39":4,"s:26:14:26:29":5,"b:26:14:26:23:26:27:26:29":0,"s:27:14:27:23":6,"s:28:17:28:43":7,"b:28:17:28:29:28:33:28:43":1,"s:29:14:29:23":8,"s:30:18:30:37":9,"b:30:18:30:31:30:35:30:37":2,"s:31:17:31:29":10,"s:33:25:33:28":11,"s:34:19:34:20":12,"s:37:19:41:3":13,"f:37:19:37:20":1,"b:38:4:40:Infinity:undefined:undefined:undefined:undefined":3,"s:38:4:40:Infinity":14,"s:39:6:39:Infinity":15,"b:39:20:39:43:39:47:39:62:39:66:39:67":4,"s:44:17:48:3":16,"f:44:17:44:18":2,"b:45:4:47:Infinity:undefined:undefined:undefined:undefined":5,"s:45:4:47:Infinity":17,"s:46:6:46:Infinity":18,"s:50:2:50:16":19,"s:50:17:50:Infinity":20,"s:51:2:51:24":21,"s:51:25:51:Infinity":22,"s:52:2:52:Infinity":23,"f:52:14:52:15":3,"s:52:21:52:33":24,"s:52:34:52:44":25,"s:53:2:53:16":26,"s:53:17:53:Infinity":27,"s:54:2:54:19":28,"s:54:20:54:Infinity":29,"s:55:2:55:Infinity":30,"s:56:2:56:Infinity":31,"f:56:18:56:19":4,"s:56:25:56:37":32,"s:56:38:56:48":33,"s:57:2:57:19":34,"s:57:20:57:Infinity":35,"b:60:2:69:Infinity:undefined:undefined:undefined:undefined":6,"s:60:2:69:Infinity":36,"b:60:6:60:9:60:13:60:24":7,"b:61:4:68:Infinity:undefined:undefined:undefined:undefined":8,"s:61:4:68:Infinity":37,"s:62:6:67:Infinity":38,"b:65:41:65:58:65:62:65:71":9,"b:65:115:65:140:65:144:65:153":10,"b:72:2:120:Infinity:undefined:undefined:undefined:undefined":11,"s:72:2:120:Infinity":39,"b:72:6:72:17:72:21:72:35":12,"s:73:22:73:51":40,"s:74:21:74:98":41,"b:74:52:74:87:74:90:74:98":13,"s:75:20:75:101":42,"b:75:53:75:90:75:93:75:101":14,"s:77:23:77:24":43,"s:78:24:78:25":44,"s:79:29:79:34":45,"s:81:4:92:Infinity":46,"f:81:16:81:17":5,"b:83:6:85:Infinity:undefined:undefined:undefined:undefined":15,"s:83:6:85:Infinity":47,"b:83:10:83:29:83:33:83:42:83:46:83:78":16,"s:84:8:84:Infinity":48,"s:87:22:87:68":49,"b:87:41:87:64:87:67:87:68":17,"s:88:27:88:93":50,"b:88:56:88:89:88:92:88:93":18,"s:90:6:90:Infinity":51,"s:91:6:91:Infinity":52,"b:94:4:101:Infinity:undefined:undefined:undefined:undefined":19,"s:94:4:101:Infinity":53,"s:95:6:100:Infinity":54,"b:103:4:110:Infinity:undefined:undefined:undefined:undefined":20,"s:103:4:110:Infinity":55,"s:104:6:109:Infinity":56,"b:112:4:119:Infinity:undefined:undefined:undefined:undefined":21,"s:112:4:119:Infinity":57,"s:113:6:118:Infinity":58,"b:123:2:135:Infinity:undefined:undefined:undefined:undefined":22,"s:123:2:135:Infinity":59,"b:123:6:123:17:123:21:123:27":23,"s:124:33:124:73":60,"b:124:33:124:67:124:71:124:73":24,"s:125:25:125:54":61,"b:127:4:134:Infinity:undefined:undefined:undefined:undefined":25,"s:127:4:134:Infinity":62,"b:127:8:127:20:127:24:127:68":26,"s:128:6:133:Infinity":63,"b:138:2:150:Infinity:undefined:undefined:undefined:undefined":27,"s:138:2:150:Infinity":64,"b:138:6:138:9:138:13:138:19":28,"s:139:19:139:71":65,"b:139:41:139:67:139:70:139:71":29,"s:140:23:140:100":66,"b:140:54:140:89:140:92:140:100":30,"b:142:4:149:Infinity:undefined:undefined:undefined:undefined":31,"s:142:4:149:Infinity":67,"s:143:6:148:Infinity":68,"b:153:2:179:Infinity:undefined:undefined:undefined:undefined":32,"s:153:2:179:Infinity":69,"b:153:6:153:12:153:16:153:22":33,"s:154:18:154:61":70,"b:156:4:178:Infinity:167:11:178:Infinity":34,"s:156:4:178:Infinity":71,"s:157:22:157:92":72,"b:157:53:157:88:157:91:157:92":35,"s:158:25:158:60":73,"b:158:25:158:54:158:58:158:60":36,"b:159:6:166:Infinity:undefined:undefined:undefined:undefined":37,"s:159:6:166:Infinity":74,"b:159:10:159:39:159:43:159:80":38,"s:160:8:165:Infinity":75,"s:168:27:168:85":76,"b:168:52:168:81:168:84:168:85":39,"s:169:28:169:111":77,"b:169:62:169:100:169:103:169:111":40,"b:170:6:177:Infinity:undefined:undefined:undefined:undefined":41,"s:170:6:177:Infinity":78,"s:171:8:176:Infinity":79,"b:182:2:194:Infinity:undefined:undefined:undefined:undefined":42,"s:182:2:194:Infinity":80,"b:182:6:182:9:182:13:182:19":43,"s:183:22:183:39":81,"s:184:29:184:65":82,"b:184:29:184:59:184:63:184:65":44,"b:186:4:193:Infinity:undefined:undefined:undefined:undefined":45,"s:186:4:193:Infinity":83,"b:186:8:186:17:186:21:186:58":46,"s:187:6:192:Infinity":84,"b:197:2:230:Infinity:undefined:undefined:undefined:undefined":47,"s:197:2:230:Infinity":85,"b:197:6:197:17:197:21:197:39":48,"s:198:22:198:88":86,"b:198:51:198:84:198:87:198:88":49,"s:199:19:199:99":87,"b:199:55:199:95:199:98:199:99":50,"s:201:20:201:21":88,"s:202:20:202:21":89,"s:204:4:211:Infinity":90,"f:204:20:204:21":6,"s:205:25:205:49":91,"b:205:25:205:43:205:47:205:49":51,"b:206:6:210:Infinity:208:13:210:Infinity":52,"s:206:6:210:Infinity":92,"b:206:10:206:51:206:55:206:95":53,"s:207:8:207:Infinity":93,"b:208:13:210:Infinity:undefined:undefined:undefined:undefined":54,"s:208:13:210:Infinity":94,"s:209:8:209:Infinity":95,"b:213:4:220:Infinity:undefined:undefined:undefined:undefined":55,"s:213:4:220:Infinity":96,"s:214:6:219:Infinity":97,"b:222:4:229:Infinity:undefined:undefined:undefined:undefined":56,"s:222:4:229:Infinity":98,"s:223:6:228:Infinity":99,"b:233:2:251:Infinity:243:9:251:Infinity":57,"s:233:2:251:Infinity":100,"s:234:23:234:73":101,"b:234:44:234:69:234:72:234:73":58,"b:235:4:242:Infinity:undefined:undefined:undefined:undefined":59,"s:235:4:242:Infinity":102,"s:236:6:241:Infinity":103,"s:245:4:250:Infinity":104,"b:254:2:264:Infinity:undefined:undefined:undefined:undefined":60,"s:254:2:264:Infinity":105,"b:254:6:254:9:254:13:254:17":61,"s:255:23:255:52":106,"b:256:4:263:Infinity:undefined:undefined:undefined:undefined":62,"s:256:4:263:Infinity":107,"b:256:8:256:28:256:32:256:54":63,"s:257:6:262:Infinity":108,"s:267:19:267:20":109,"b:268:2:268:Infinity:undefined:undefined:undefined:undefined":64,"s:268:2:268:Infinity":110,"s:268:11:268:Infinity":111,"b:268:55:268:89:268:92:268:93":65,"b:269:2:269:Infinity:undefined:undefined:undefined:undefined":66,"s:269:2:269:Infinity":112,"s:269:11:269:Infinity":113,"b:269:55:269:89:269:92:269:93":67,"b:272:2:276:Infinity:274:9:276:Infinity":68,"s:272:2:276:Infinity":114,"s:273:4:273:69":115,"s:275:4:275:Infinity":116,"s:278:2:286:Infinity":117,"s:289:0:291:Infinity":118},"fnNames":{}}}
}
