{"C:\\Users\\Travis\\OneDrive\\Desktop\\buildforge\\server\\services\\advisor\\compatibility.service.js": {"path":"C:\\Users\\Travis\\OneDrive\\Desktop\\buildforge\\server\\services\\advisor\\compatibility.service.js","statementMap":{"0":{"start":{"line":12,"column":49},"end":{"line":12,"column":56}},"1":{"start":{"line":13,"column":17},"end":{"line":13,"column":19}},"2":{"start":{"line":14,"column":19},"end":{"line":14,"column":21}},"3":{"start":{"line":15,"column":15},"end":{"line":15,"column":17}},"4":{"start":{"line":16,"column":20},"end":{"line":16,"column":22}},"5":{"start":{"line":19,"column":14},"end":{"line":19,"column":23}},"6":{"start":{"line":20,"column":22},"end":{"line":20,"column":39}},"7":{"start":{"line":21,"column":14},"end":{"line":21,"column":29}},"8":{"start":{"line":22,"column":14},"end":{"line":22,"column":23}},"9":{"start":{"line":23,"column":17},"end":{"line":23,"column":43}},"10":{"start":{"line":24,"column":14},"end":{"line":24,"column":23}},"11":{"start":{"line":25,"column":18},"end":{"line":25,"column":37}},"12":{"start":{"line":26,"column":17},"end":{"line":26,"column":29}},"13":{"start":{"line":28,"column":25},"end":{"line":28,"column":28}},"14":{"start":{"line":29,"column":19},"end":{"line":29,"column":20}},"15":{"start":{"line":32,"column":19},"end":{"line":36,"column":3}},"16":{"start":{"line":33,"column":4},"end":{"line":35,"column":null}},"17":{"start":{"line":34,"column":6},"end":{"line":34,"column":null}},"18":{"start":{"line":39,"column":17},"end":{"line":43,"column":3}},"19":{"start":{"line":40,"column":4},"end":{"line":42,"column":null}},"20":{"start":{"line":41,"column":6},"end":{"line":41,"column":null}},"21":{"start":{"line":45,"column":2},"end":{"line":45,"column":16}},"22":{"start":{"line":45,"column":17},"end":{"line":45,"column":null}},"23":{"start":{"line":46,"column":2},"end":{"line":46,"column":24}},"24":{"start":{"line":46,"column":25},"end":{"line":46,"column":null}},"25":{"start":{"line":47,"column":2},"end":{"line":47,"column":null}},"26":{"start":{"line":47,"column":21},"end":{"line":47,"column":33}},"27":{"start":{"line":47,"column":34},"end":{"line":47,"column":44}},"28":{"start":{"line":48,"column":2},"end":{"line":48,"column":16}},"29":{"start":{"line":48,"column":17},"end":{"line":48,"column":null}},"30":{"start":{"line":49,"column":2},"end":{"line":49,"column":19}},"31":{"start":{"line":49,"column":20},"end":{"line":49,"column":null}},"32":{"start":{"line":50,"column":2},"end":{"line":50,"column":null}},"33":{"start":{"line":51,"column":2},"end":{"line":51,"column":null}},"34":{"start":{"line":51,"column":25},"end":{"line":51,"column":37}},"35":{"start":{"line":51,"column":38},"end":{"line":51,"column":48}},"36":{"start":{"line":52,"column":2},"end":{"line":52,"column":19}},"37":{"start":{"line":52,"column":20},"end":{"line":52,"column":null}},"38":{"start":{"line":54,"column":29},"end":{"line":54,"column":62}},"39":{"start":{"line":57,"column":19},"end":{"line":70,"column":3}},"40":{"start":{"line":58,"column":17},"end":{"line":58,"column":41}},"41":{"start":{"line":59,"column":4},"end":{"line":59,"column":null}},"42":{"start":{"line":59,"column":39},"end":{"line":59,"column":null}},"43":{"start":{"line":60,"column":22},"end":{"line":60,"column":44}},"44":{"start":{"line":61,"column":4},"end":{"line":69,"column":null}},"45":{"start":{"line":62,"column":6},"end":{"line":68,"column":null}},"46":{"start":{"line":73,"column":2},"end":{"line":83,"column":null}},"47":{"start":{"line":74,"column":4},"end":{"line":82,"column":null}},"48":{"start":{"line":75,"column":6},"end":{"line":80,"column":null}},"49":{"start":{"line":81,"column":6},"end":{"line":81,"column":null}},"50":{"start":{"line":81,"column":82},"end":{"line":81,"column":119}},"51":{"start":{"line":86,"column":2},"end":{"line":132,"column":null}},"52":{"start":{"line":87,"column":22},"end":{"line":87,"column":51}},"53":{"start":{"line":88,"column":21},"end":{"line":88,"column":98}},"54":{"start":{"line":89,"column":20},"end":{"line":89,"column":101}},"55":{"start":{"line":91,"column":23},"end":{"line":91,"column":24}},"56":{"start":{"line":92,"column":24},"end":{"line":92,"column":25}},"57":{"start":{"line":93,"column":29},"end":{"line":93,"column":34}},"58":{"start":{"line":95,"column":4},"end":{"line":103,"column":null}},"59":{"start":{"line":96,"column":6},"end":{"line":98,"column":null}},"60":{"start":{"line":97,"column":8},"end":{"line":97,"column":null}},"61":{"start":{"line":99,"column":22},"end":{"line":99,"column":68}},"62":{"start":{"line":100,"column":27},"end":{"line":100,"column":93}},"63":{"start":{"line":101,"column":6},"end":{"line":101,"column":null}},"64":{"start":{"line":102,"column":6},"end":{"line":102,"column":null}},"65":{"start":{"line":105,"column":4},"end":{"line":113,"column":null}},"66":{"start":{"line":106,"column":6},"end":{"line":111,"column":null}},"67":{"start":{"line":112,"column":6},"end":{"line":112,"column":null}},"68":{"start":{"line":112,"column":58},"end":{"line":112,"column":91}},"69":{"start":{"line":115,"column":4},"end":{"line":122,"column":null}},"70":{"start":{"line":116,"column":6},"end":{"line":121,"column":null}},"71":{"start":{"line":124,"column":4},"end":{"line":131,"column":null}},"72":{"start":{"line":125,"column":6},"end":{"line":130,"column":null}},"73":{"start":{"line":135,"column":2},"end":{"line":148,"column":null}},"74":{"start":{"line":136,"column":33},"end":{"line":136,"column":73}},"75":{"start":{"line":137,"column":25},"end":{"line":137,"column":54}},"76":{"start":{"line":139,"column":4},"end":{"line":147,"column":null}},"77":{"start":{"line":140,"column":6},"end":{"line":145,"column":null}},"78":{"start":{"line":146,"column":6},"end":{"line":146,"column":null}},"79":{"start":{"line":146,"column":75},"end":{"line":146,"column":128}},"80":{"start":{"line":151,"column":2},"end":{"line":164,"column":null}},"81":{"start":{"line":152,"column":19},"end":{"line":152,"column":71}},"82":{"start":{"line":153,"column":23},"end":{"line":153,"column":100}},"83":{"start":{"line":155,"column":4},"end":{"line":163,"column":null}},"84":{"start":{"line":156,"column":6},"end":{"line":161,"column":null}},"85":{"start":{"line":162,"column":6},"end":{"line":162,"column":null}},"86":{"start":{"line":162,"column":64},"end":{"line":162,"column":110}},"87":{"start":{"line":167,"column":2},"end":{"line":195,"column":null}},"88":{"start":{"line":168,"column":18},"end":{"line":168,"column":61}},"89":{"start":{"line":170,"column":4},"end":{"line":194,"column":null}},"90":{"start":{"line":171,"column":22},"end":{"line":171,"column":92}},"91":{"start":{"line":172,"column":25},"end":{"line":172,"column":60}},"92":{"start":{"line":173,"column":6},"end":{"line":181,"column":null}},"93":{"start":{"line":174,"column":8},"end":{"line":179,"column":null}},"94":{"start":{"line":180,"column":8},"end":{"line":180,"column":null}},"95":{"start":{"line":180,"column":65},"end":{"line":180,"column":163}},"96":{"start":{"line":183,"column":27},"end":{"line":183,"column":85}},"97":{"start":{"line":184,"column":28},"end":{"line":184,"column":111}},"98":{"start":{"line":185,"column":6},"end":{"line":193,"column":null}},"99":{"start":{"line":186,"column":8},"end":{"line":191,"column":null}},"100":{"start":{"line":192,"column":8},"end":{"line":192,"column":null}},"101":{"start":{"line":192,"column":63},"end":{"line":192,"column":110}},"102":{"start":{"line":198,"column":2},"end":{"line":211,"column":null}},"103":{"start":{"line":199,"column":22},"end":{"line":199,"column":39}},"104":{"start":{"line":200,"column":29},"end":{"line":200,"column":65}},"105":{"start":{"line":202,"column":4},"end":{"line":210,"column":null}},"106":{"start":{"line":203,"column":6},"end":{"line":208,"column":null}},"107":{"start":{"line":209,"column":6},"end":{"line":209,"column":null}},"108":{"start":{"line":209,"column":74},"end":{"line":209,"column":120}},"109":{"start":{"line":214,"column":2},"end":{"line":247,"column":null}},"110":{"start":{"line":215,"column":22},"end":{"line":215,"column":88}},"111":{"start":{"line":216,"column":19},"end":{"line":216,"column":99}},"112":{"start":{"line":218,"column":20},"end":{"line":218,"column":21}},"113":{"start":{"line":219,"column":20},"end":{"line":219,"column":21}},"114":{"start":{"line":221,"column":4},"end":{"line":228,"column":null}},"115":{"start":{"line":222,"column":25},"end":{"line":222,"column":49}},"116":{"start":{"line":223,"column":6},"end":{"line":227,"column":null}},"117":{"start":{"line":224,"column":8},"end":{"line":224,"column":null}},"118":{"start":{"line":225,"column":13},"end":{"line":227,"column":null}},"119":{"start":{"line":226,"column":8},"end":{"line":226,"column":null}},"120":{"start":{"line":230,"column":4},"end":{"line":237,"column":null}},"121":{"start":{"line":231,"column":6},"end":{"line":236,"column":null}},"122":{"start":{"line":239,"column":4},"end":{"line":246,"column":null}},"123":{"start":{"line":240,"column":6},"end":{"line":245,"column":null}},"124":{"start":{"line":250,"column":2},"end":{"line":277,"column":null}},"125":{"start":{"line":251,"column":23},"end":{"line":251,"column":73}},"126":{"start":{"line":252,"column":4},"end":{"line":268,"column":null}},"127":{"start":{"line":253,"column":6},"end":{"line":258,"column":null}},"128":{"start":{"line":259,"column":6},"end":{"line":259,"column":null}},"129":{"start":{"line":259,"column":87},"end":{"line":259,"column":133}},"130":{"start":{"line":260,"column":11},"end":{"line":268,"column":null}},"131":{"start":{"line":261,"column":6},"end":{"line":266,"column":null}},"132":{"start":{"line":267,"column":6},"end":{"line":267,"column":null}},"133":{"start":{"line":267,"column":59},"end":{"line":267,"column":105}},"134":{"start":{"line":271,"column":4},"end":{"line":276,"column":null}},"135":{"start":{"line":280,"column":2},"end":{"line":287,"column":null}},"136":{"start":{"line":281,"column":4},"end":{"line":286,"column":null}},"137":{"start":{"line":288,"column":2},"end":{"line":295,"column":null}},"138":{"start":{"line":289,"column":4},"end":{"line":294,"column":null}},"139":{"start":{"line":296,"column":2},"end":{"line":306,"column":null}},"140":{"start":{"line":297,"column":23},"end":{"line":297,"column":52}},"141":{"start":{"line":298,"column":4},"end":{"line":305,"column":null}},"142":{"start":{"line":299,"column":7},"end":{"line":304,"column":null}},"143":{"start":{"line":309,"column":2},"end":{"line":322,"column":null}},"144":{"start":{"line":310,"column":19},"end":{"line":310,"column":46}},"145":{"start":{"line":311,"column":18},"end":{"line":311,"column":61}},"146":{"start":{"line":312,"column":19},"end":{"line":312,"column":54}},"147":{"start":{"line":313,"column":4},"end":{"line":321,"column":null}},"148":{"start":{"line":314,"column":6},"end":{"line":319,"column":null}},"149":{"start":{"line":320,"column":6},"end":{"line":320,"column":null}},"150":{"start":{"line":320,"column":64},"end":{"line":320,"column":143}},"151":{"start":{"line":325,"column":2},"end":{"line":348,"column":null}},"152":{"start":{"line":326,"column":21},"end":{"line":326,"column":66}},"153":{"start":{"line":327,"column":19},"end":{"line":327,"column":51}},"154":{"start":{"line":328,"column":21},"end":{"line":328,"column":55}},"155":{"start":{"line":330,"column":4},"end":{"line":338,"column":null}},"156":{"start":{"line":331,"column":6},"end":{"line":336,"column":null}},"157":{"start":{"line":337,"column":6},"end":{"line":337,"column":null}},"158":{"start":{"line":337,"column":60},"end":{"line":337,"column":94}},"159":{"start":{"line":340,"column":4},"end":{"line":347,"column":null}},"160":{"start":{"line":341,"column":6},"end":{"line":346,"column":null}},"161":{"start":{"line":351,"column":2},"end":{"line":361,"column":null}},"162":{"start":{"line":352,"column":23},"end":{"line":352,"column":52}},"163":{"start":{"line":353,"column":4},"end":{"line":360,"column":null}},"164":{"start":{"line":354,"column":6},"end":{"line":359,"column":null}},"165":{"start":{"line":364,"column":17},"end":{"line":364,"column":86}},"166":{"start":{"line":365,"column":17},"end":{"line":365,"column":86}},"167":{"start":{"line":367,"column":19},"end":{"line":367,"column":20}},"168":{"start":{"line":368,"column":2},"end":{"line":370,"column":null}},"169":{"start":{"line":369,"column":4},"end":{"line":369,"column":80}},"170":{"start":{"line":373,"column":19},"end":{"line":373,"column":23}},"171":{"start":{"line":374,"column":28},"end":{"line":374,"column":32}},"172":{"start":{"line":376,"column":2},"end":{"line":437,"column":null}},"173":{"start":{"line":377,"column":20},"end":{"line":377,"column":23}},"174":{"start":{"line":378,"column":20},"end":{"line":378,"column":23}},"175":{"start":{"line":379,"column":4},"end":{"line":383,"column":null}},"176":{"start":{"line":380,"column":6},"end":{"line":380,"column":null}},"177":{"start":{"line":381,"column":11},"end":{"line":383,"column":null}},"178":{"start":{"line":382,"column":6},"end":{"line":382,"column":null}},"179":{"start":{"line":385,"column":24},"end":{"line":385,"column":44}},"180":{"start":{"line":386,"column":24},"end":{"line":386,"column":44}},"181":{"start":{"line":388,"column":4},"end":{"line":417,"column":null}},"182":{"start":{"line":389,"column":6},"end":{"line":392,"column":null}},"183":{"start":{"line":393,"column":6},"end":{"line":398,"column":null}},"184":{"start":{"line":399,"column":6},"end":{"line":399,"column":null}},"185":{"start":{"line":399,"column":53},"end":{"line":399,"column":107}},"186":{"start":{"line":400,"column":11},"end":{"line":417,"column":null}},"187":{"start":{"line":401,"column":6},"end":{"line":404,"column":null}},"188":{"start":{"line":405,"column":6},"end":{"line":410,"column":null}},"189":{"start":{"line":411,"column":6},"end":{"line":411,"column":null}},"190":{"start":{"line":411,"column":55},"end":{"line":411,"column":109}},"191":{"start":{"line":413,"column":6},"end":{"line":416,"column":null}},"192":{"start":{"line":420,"column":21},"end":{"line":420,"column":46}},"193":{"start":{"line":422,"column":4},"end":{"line":431,"column":null}},"194":{"start":{"line":423,"column":6},"end":{"line":423,"column":null}},"195":{"start":{"line":424,"column":6},"end":{"line":424,"column":null}},"196":{"start":{"line":425,"column":11},"end":{"line":431,"column":null}},"197":{"start":{"line":426,"column":6},"end":{"line":426,"column":null}},"198":{"start":{"line":427,"column":6},"end":{"line":427,"column":null}},"199":{"start":{"line":429,"column":6},"end":{"line":429,"column":null}},"200":{"start":{"line":430,"column":6},"end":{"line":430,"column":null}},"201":{"start":{"line":432,"column":4},"end":{"line":436,"column":null}},"202":{"start":{"line":440,"column":2},"end":{"line":456,"column":null}},"203":{"start":{"line":441,"column":21},"end":{"line":441,"column":56}},"204":{"start":{"line":442,"column":23},"end":{"line":446,"column":6}},"205":{"start":{"line":443,"column":20},"end":{"line":443,"column":51}},"206":{"start":{"line":444,"column":20},"end":{"line":444,"column":58}},"207":{"start":{"line":445,"column":6},"end":{"line":445,"column":null}},"208":{"start":{"line":447,"column":4},"end":{"line":455,"column":null}},"209":{"start":{"line":448,"column":6},"end":{"line":454,"column":null}},"210":{"start":{"line":459,"column":2},"end":{"line":459,"column":null}},"211":{"start":{"line":461,"column":2},"end":{"line":473,"column":null}},"212":{"start":{"line":476,"column":0},"end":{"line":478,"column":null}}},"fnMap":{"0":{"name":"validateBuild","decl":{"start":{"line":11,"column":9},"end":{"line":11,"column":22}},"loc":{"start":{"line":11,"column":44},"end":{"line":474,"column":null}},"line":11},"1":{"name":"(anonymous_1)","decl":{"start":{"line":32,"column":19},"end":{"line":32,"column":20}},"loc":{"start":{"line":32,"column":34},"end":{"line":36,"column":3}},"line":32},"2":{"name":"(anonymous_2)","decl":{"start":{"line":39,"column":17},"end":{"line":39,"column":18}},"loc":{"start":{"line":39,"column":32},"end":{"line":43,"column":3}},"line":39},"3":{"name":"(anonymous_3)","decl":{"start":{"line":47,"column":14},"end":{"line":47,"column":15}},"loc":{"start":{"line":47,"column":19},"end":{"line":47,"column":46}},"line":47},"4":{"name":"(anonymous_4)","decl":{"start":{"line":51,"column":18},"end":{"line":51,"column":19}},"loc":{"start":{"line":51,"column":23},"end":{"line":51,"column":50}},"line":51},"5":{"name":"(anonymous_5)","decl":{"start":{"line":57,"column":19},"end":{"line":57,"column":20}},"loc":{"start":{"line":57,"column":62},"end":{"line":70,"column":3}},"line":57},"6":{"name":"(anonymous_6)","decl":{"start":{"line":81,"column":77},"end":{"line":81,"column":78}},"loc":{"start":{"line":81,"column":82},"end":{"line":81,"column":119}},"line":81},"7":{"name":"(anonymous_7)","decl":{"start":{"line":95,"column":16},"end":{"line":95,"column":17}},"loc":{"start":{"line":95,"column":21},"end":{"line":103,"column":5}},"line":95},"8":{"name":"(anonymous_8)","decl":{"start":{"line":112,"column":53},"end":{"line":112,"column":54}},"loc":{"start":{"line":112,"column":58},"end":{"line":112,"column":91}},"line":112},"9":{"name":"(anonymous_9)","decl":{"start":{"line":146,"column":70},"end":{"line":146,"column":71}},"loc":{"start":{"line":146,"column":75},"end":{"line":146,"column":128}},"line":146},"10":{"name":"(anonymous_10)","decl":{"start":{"line":162,"column":59},"end":{"line":162,"column":60}},"loc":{"start":{"line":162,"column":64},"end":{"line":162,"column":110}},"line":162},"11":{"name":"(anonymous_11)","decl":{"start":{"line":180,"column":60},"end":{"line":180,"column":61}},"loc":{"start":{"line":180,"column":65},"end":{"line":180,"column":163}},"line":180},"12":{"name":"(anonymous_12)","decl":{"start":{"line":192,"column":58},"end":{"line":192,"column":59}},"loc":{"start":{"line":192,"column":63},"end":{"line":192,"column":110}},"line":192},"13":{"name":"(anonymous_13)","decl":{"start":{"line":209,"column":69},"end":{"line":209,"column":70}},"loc":{"start":{"line":209,"column":74},"end":{"line":209,"column":120}},"line":209},"14":{"name":"(anonymous_14)","decl":{"start":{"line":221,"column":20},"end":{"line":221,"column":21}},"loc":{"start":{"line":221,"column":25},"end":{"line":228,"column":5}},"line":221},"15":{"name":"(anonymous_15)","decl":{"start":{"line":259,"column":82},"end":{"line":259,"column":83}},"loc":{"start":{"line":259,"column":87},"end":{"line":259,"column":133}},"line":259},"16":{"name":"(anonymous_16)","decl":{"start":{"line":267,"column":54},"end":{"line":267,"column":55}},"loc":{"start":{"line":267,"column":59},"end":{"line":267,"column":105}},"line":267},"17":{"name":"(anonymous_17)","decl":{"start":{"line":320,"column":59},"end":{"line":320,"column":60}},"loc":{"start":{"line":320,"column":64},"end":{"line":320,"column":143}},"line":320},"18":{"name":"(anonymous_18)","decl":{"start":{"line":337,"column":55},"end":{"line":337,"column":56}},"loc":{"start":{"line":337,"column":60},"end":{"line":337,"column":94}},"line":337},"19":{"name":"(anonymous_19)","decl":{"start":{"line":399,"column":48},"end":{"line":399,"column":49}},"loc":{"start":{"line":399,"column":53},"end":{"line":399,"column":107}},"line":399},"20":{"name":"(anonymous_20)","decl":{"start":{"line":411,"column":50},"end":{"line":411,"column":51}},"loc":{"start":{"line":411,"column":55},"end":{"line":411,"column":109}},"line":411},"21":{"name":"(anonymous_21)","decl":{"start":{"line":442,"column":43},"end":{"line":442,"column":44}},"loc":{"start":{"line":442,"column":48},"end":{"line":446,"column":5}},"line":442}},"branchMap":{"0":{"loc":{"start":{"line":11,"column":30},"end":{"line":11,"column":42}},"type":"default-arg","locations":[{"start":{"line":11,"column":40},"end":{"line":11,"column":42}}],"line":11},"1":{"loc":{"start":{"line":12,"column":10},"end":{"line":12,"column":30}},"type":"default-arg","locations":[{"start":{"line":12,"column":23},"end":{"line":12,"column":30}}],"line":12},"2":{"loc":{"start":{"line":12,"column":32},"end":{"line":12,"column":44}},"type":"default-arg","locations":[{"start":{"line":12,"column":42},"end":{"line":12,"column":44}}],"line":12},"3":{"loc":{"start":{"line":21,"column":14},"end":{"line":21,"column":29}},"type":"binary-expr","locations":[{"start":{"line":21,"column":14},"end":{"line":21,"column":23}},{"start":{"line":21,"column":27},"end":{"line":21,"column":29}}],"line":21},"4":{"loc":{"start":{"line":23,"column":17},"end":{"line":23,"column":43}},"type":"binary-expr","locations":[{"start":{"line":23,"column":17},"end":{"line":23,"column":29}},{"start":{"line":23,"column":33},"end":{"line":23,"column":43}}],"line":23},"5":{"loc":{"start":{"line":25,"column":18},"end":{"line":25,"column":37}},"type":"binary-expr","locations":[{"start":{"line":25,"column":18},"end":{"line":25,"column":31}},{"start":{"line":25,"column":35},"end":{"line":25,"column":37}}],"line":25},"6":{"loc":{"start":{"line":33,"column":4},"end":{"line":35,"column":null}},"type":"if","locations":[{"start":{"line":33,"column":4},"end":{"line":35,"column":null}},{"start":{},"end":{}}],"line":33},"7":{"loc":{"start":{"line":34,"column":20},"end":{"line":34,"column":67}},"type":"binary-expr","locations":[{"start":{"line":34,"column":20},"end":{"line":34,"column":43}},{"start":{"line":34,"column":47},"end":{"line":34,"column":62}},{"start":{"line":34,"column":66},"end":{"line":34,"column":67}}],"line":34},"8":{"loc":{"start":{"line":40,"column":4},"end":{"line":42,"column":null}},"type":"if","locations":[{"start":{"line":40,"column":4},"end":{"line":42,"column":null}},{"start":{},"end":{}}],"line":40},"9":{"loc":{"start":{"line":59,"column":4},"end":{"line":59,"column":null}},"type":"if","locations":[{"start":{"line":59,"column":4},"end":{"line":59,"column":null}},{"start":{},"end":{}}],"line":59},"10":{"loc":{"start":{"line":59,"column":8},"end":{"line":59,"column":37}},"type":"binary-expr","locations":[{"start":{"line":59,"column":8},"end":{"line":59,"column":13}},{"start":{"line":59,"column":17},"end":{"line":59,"column":37}}],"line":59},"11":{"loc":{"start":{"line":61,"column":4},"end":{"line":69,"column":null}},"type":"if","locations":[{"start":{"line":61,"column":4},"end":{"line":69,"column":null}},{"start":{},"end":{}}],"line":61},"12":{"loc":{"start":{"line":73,"column":2},"end":{"line":83,"column":null}},"type":"if","locations":[{"start":{"line":73,"column":2},"end":{"line":83,"column":null}},{"start":{},"end":{}}],"line":73},"13":{"loc":{"start":{"line":73,"column":6},"end":{"line":73,"column":24}},"type":"binary-expr","locations":[{"start":{"line":73,"column":6},"end":{"line":73,"column":9}},{"start":{"line":73,"column":13},"end":{"line":73,"column":24}}],"line":73},"14":{"loc":{"start":{"line":74,"column":4},"end":{"line":82,"column":null}},"type":"if","locations":[{"start":{"line":74,"column":4},"end":{"line":82,"column":null}},{"start":{},"end":{}}],"line":74},"15":{"loc":{"start":{"line":78,"column":41},"end":{"line":78,"column":71}},"type":"binary-expr","locations":[{"start":{"line":78,"column":41},"end":{"line":78,"column":58}},{"start":{"line":78,"column":62},"end":{"line":78,"column":71}}],"line":78},"16":{"loc":{"start":{"line":78,"column":115},"end":{"line":78,"column":153}},"type":"binary-expr","locations":[{"start":{"line":78,"column":115},"end":{"line":78,"column":140}},{"start":{"line":78,"column":144},"end":{"line":78,"column":153}}],"line":78},"17":{"loc":{"start":{"line":86,"column":2},"end":{"line":132,"column":null}},"type":"if","locations":[{"start":{"line":86,"column":2},"end":{"line":132,"column":null}},{"start":{},"end":{}}],"line":86},"18":{"loc":{"start":{"line":86,"column":6},"end":{"line":86,"column":35}},"type":"binary-expr","locations":[{"start":{"line":86,"column":6},"end":{"line":86,"column":17}},{"start":{"line":86,"column":21},"end":{"line":86,"column":35}}],"line":86},"19":{"loc":{"start":{"line":88,"column":21},"end":{"line":88,"column":98}},"type":"cond-expr","locations":[{"start":{"line":88,"column":52},"end":{"line":88,"column":87}},{"start":{"line":88,"column":90},"end":{"line":88,"column":98}}],"line":88},"20":{"loc":{"start":{"line":89,"column":20},"end":{"line":89,"column":101}},"type":"cond-expr","locations":[{"start":{"line":89,"column":53},"end":{"line":89,"column":90}},{"start":{"line":89,"column":93},"end":{"line":89,"column":101}}],"line":89},"21":{"loc":{"start":{"line":96,"column":6},"end":{"line":98,"column":null}},"type":"if","locations":[{"start":{"line":96,"column":6},"end":{"line":98,"column":null}},{"start":{},"end":{}}],"line":96},"22":{"loc":{"start":{"line":96,"column":10},"end":{"line":96,"column":78}},"type":"binary-expr","locations":[{"start":{"line":96,"column":10},"end":{"line":96,"column":29}},{"start":{"line":96,"column":33},"end":{"line":96,"column":42}},{"start":{"line":96,"column":46},"end":{"line":96,"column":78}}],"line":96},"23":{"loc":{"start":{"line":99,"column":22},"end":{"line":99,"column":68}},"type":"cond-expr","locations":[{"start":{"line":99,"column":41},"end":{"line":99,"column":64}},{"start":{"line":99,"column":67},"end":{"line":99,"column":68}}],"line":99},"24":{"loc":{"start":{"line":100,"column":27},"end":{"line":100,"column":93}},"type":"cond-expr","locations":[{"start":{"line":100,"column":56},"end":{"line":100,"column":89}},{"start":{"line":100,"column":92},"end":{"line":100,"column":93}}],"line":100},"25":{"loc":{"start":{"line":105,"column":4},"end":{"line":113,"column":null}},"type":"if","locations":[{"start":{"line":105,"column":4},"end":{"line":113,"column":null}},{"start":{},"end":{}}],"line":105},"26":{"loc":{"start":{"line":115,"column":4},"end":{"line":122,"column":null}},"type":"if","locations":[{"start":{"line":115,"column":4},"end":{"line":122,"column":null}},{"start":{},"end":{}}],"line":115},"27":{"loc":{"start":{"line":124,"column":4},"end":{"line":131,"column":null}},"type":"if","locations":[{"start":{"line":124,"column":4},"end":{"line":131,"column":null}},{"start":{},"end":{}}],"line":124},"28":{"loc":{"start":{"line":135,"column":2},"end":{"line":148,"column":null}},"type":"if","locations":[{"start":{"line":135,"column":2},"end":{"line":148,"column":null}},{"start":{},"end":{}}],"line":135},"29":{"loc":{"start":{"line":135,"column":6},"end":{"line":135,"column":27}},"type":"binary-expr","locations":[{"start":{"line":135,"column":6},"end":{"line":135,"column":17}},{"start":{"line":135,"column":21},"end":{"line":135,"column":27}}],"line":135},"30":{"loc":{"start":{"line":136,"column":33},"end":{"line":136,"column":73}},"type":"binary-expr","locations":[{"start":{"line":136,"column":33},"end":{"line":136,"column":67}},{"start":{"line":136,"column":71},"end":{"line":136,"column":73}}],"line":136},"31":{"loc":{"start":{"line":139,"column":4},"end":{"line":147,"column":null}},"type":"if","locations":[{"start":{"line":139,"column":4},"end":{"line":147,"column":null}},{"start":{},"end":{}}],"line":139},"32":{"loc":{"start":{"line":139,"column":8},"end":{"line":139,"column":68}},"type":"binary-expr","locations":[{"start":{"line":139,"column":8},"end":{"line":139,"column":20}},{"start":{"line":139,"column":24},"end":{"line":139,"column":68}}],"line":139},"33":{"loc":{"start":{"line":151,"column":2},"end":{"line":164,"column":null}},"type":"if","locations":[{"start":{"line":151,"column":2},"end":{"line":164,"column":null}},{"start":{},"end":{}}],"line":151},"34":{"loc":{"start":{"line":151,"column":6},"end":{"line":151,"column":19}},"type":"binary-expr","locations":[{"start":{"line":151,"column":6},"end":{"line":151,"column":9}},{"start":{"line":151,"column":13},"end":{"line":151,"column":19}}],"line":151},"35":{"loc":{"start":{"line":152,"column":19},"end":{"line":152,"column":71}},"type":"cond-expr","locations":[{"start":{"line":152,"column":41},"end":{"line":152,"column":67}},{"start":{"line":152,"column":70},"end":{"line":152,"column":71}}],"line":152},"36":{"loc":{"start":{"line":153,"column":23},"end":{"line":153,"column":100}},"type":"cond-expr","locations":[{"start":{"line":153,"column":54},"end":{"line":153,"column":89}},{"start":{"line":153,"column":92},"end":{"line":153,"column":100}}],"line":153},"37":{"loc":{"start":{"line":155,"column":4},"end":{"line":163,"column":null}},"type":"if","locations":[{"start":{"line":155,"column":4},"end":{"line":163,"column":null}},{"start":{},"end":{}}],"line":155},"38":{"loc":{"start":{"line":162,"column":71},"end":{"line":162,"column":99}},"type":"binary-expr","locations":[{"start":{"line":162,"column":71},"end":{"line":162,"column":94}},{"start":{"line":162,"column":98},"end":{"line":162,"column":99}}],"line":162},"39":{"loc":{"start":{"line":167,"column":2},"end":{"line":195,"column":null}},"type":"if","locations":[{"start":{"line":167,"column":2},"end":{"line":195,"column":null}},{"start":{},"end":{}}],"line":167},"40":{"loc":{"start":{"line":167,"column":6},"end":{"line":167,"column":22}},"type":"binary-expr","locations":[{"start":{"line":167,"column":6},"end":{"line":167,"column":12}},{"start":{"line":167,"column":16},"end":{"line":167,"column":22}}],"line":167},"41":{"loc":{"start":{"line":170,"column":4},"end":{"line":194,"column":null}},"type":"if","locations":[{"start":{"line":170,"column":4},"end":{"line":194,"column":null}},{"start":{"line":182,"column":11},"end":{"line":194,"column":null}}],"line":170},"42":{"loc":{"start":{"line":171,"column":22},"end":{"line":171,"column":92}},"type":"cond-expr","locations":[{"start":{"line":171,"column":53},"end":{"line":171,"column":88}},{"start":{"line":171,"column":91},"end":{"line":171,"column":92}}],"line":171},"43":{"loc":{"start":{"line":172,"column":25},"end":{"line":172,"column":60}},"type":"binary-expr","locations":[{"start":{"line":172,"column":25},"end":{"line":172,"column":54}},{"start":{"line":172,"column":58},"end":{"line":172,"column":60}}],"line":172},"44":{"loc":{"start":{"line":173,"column":6},"end":{"line":181,"column":null}},"type":"if","locations":[{"start":{"line":173,"column":6},"end":{"line":181,"column":null}},{"start":{},"end":{}}],"line":173},"45":{"loc":{"start":{"line":173,"column":10},"end":{"line":173,"column":80}},"type":"binary-expr","locations":[{"start":{"line":173,"column":10},"end":{"line":173,"column":39}},{"start":{"line":173,"column":43},"end":{"line":173,"column":80}}],"line":173},"46":{"loc":{"start":{"line":180,"column":65},"end":{"line":180,"column":163}},"type":"binary-expr","locations":[{"start":{"line":180,"column":65},"end":{"line":180,"column":108}},{"start":{"line":180,"column":112},"end":{"line":180,"column":163}}],"line":180},"47":{"loc":{"start":{"line":183,"column":27},"end":{"line":183,"column":85}},"type":"cond-expr","locations":[{"start":{"line":183,"column":52},"end":{"line":183,"column":81}},{"start":{"line":183,"column":84},"end":{"line":183,"column":85}}],"line":183},"48":{"loc":{"start":{"line":184,"column":28},"end":{"line":184,"column":111}},"type":"cond-expr","locations":[{"start":{"line":184,"column":62},"end":{"line":184,"column":100}},{"start":{"line":184,"column":103},"end":{"line":184,"column":111}}],"line":184},"49":{"loc":{"start":{"line":185,"column":6},"end":{"line":193,"column":null}},"type":"if","locations":[{"start":{"line":185,"column":6},"end":{"line":193,"column":null}},{"start":{},"end":{}}],"line":185},"50":{"loc":{"start":{"line":192,"column":70},"end":{"line":192,"column":92}},"type":"binary-expr","locations":[{"start":{"line":192,"column":70},"end":{"line":192,"column":87}},{"start":{"line":192,"column":91},"end":{"line":192,"column":92}}],"line":192},"51":{"loc":{"start":{"line":198,"column":2},"end":{"line":211,"column":null}},"type":"if","locations":[{"start":{"line":198,"column":2},"end":{"line":211,"column":null}},{"start":{},"end":{}}],"line":198},"52":{"loc":{"start":{"line":198,"column":6},"end":{"line":198,"column":19}},"type":"binary-expr","locations":[{"start":{"line":198,"column":6},"end":{"line":198,"column":9}},{"start":{"line":198,"column":13},"end":{"line":198,"column":19}}],"line":198},"53":{"loc":{"start":{"line":200,"column":29},"end":{"line":200,"column":65}},"type":"binary-expr","locations":[{"start":{"line":200,"column":29},"end":{"line":200,"column":59}},{"start":{"line":200,"column":63},"end":{"line":200,"column":65}}],"line":200},"54":{"loc":{"start":{"line":202,"column":4},"end":{"line":210,"column":null}},"type":"if","locations":[{"start":{"line":202,"column":4},"end":{"line":210,"column":null}},{"start":{},"end":{}}],"line":202},"55":{"loc":{"start":{"line":202,"column":8},"end":{"line":202,"column":58}},"type":"binary-expr","locations":[{"start":{"line":202,"column":8},"end":{"line":202,"column":17}},{"start":{"line":202,"column":21},"end":{"line":202,"column":58}}],"line":202},"56":{"loc":{"start":{"line":214,"column":2},"end":{"line":247,"column":null}},"type":"if","locations":[{"start":{"line":214,"column":2},"end":{"line":247,"column":null}},{"start":{},"end":{}}],"line":214},"57":{"loc":{"start":{"line":214,"column":6},"end":{"line":214,"column":39}},"type":"binary-expr","locations":[{"start":{"line":214,"column":6},"end":{"line":214,"column":17}},{"start":{"line":214,"column":21},"end":{"line":214,"column":39}}],"line":214},"58":{"loc":{"start":{"line":215,"column":22},"end":{"line":215,"column":88}},"type":"cond-expr","locations":[{"start":{"line":215,"column":51},"end":{"line":215,"column":84}},{"start":{"line":215,"column":87},"end":{"line":215,"column":88}}],"line":215},"59":{"loc":{"start":{"line":216,"column":19},"end":{"line":216,"column":99}},"type":"cond-expr","locations":[{"start":{"line":216,"column":55},"end":{"line":216,"column":95}},{"start":{"line":216,"column":98},"end":{"line":216,"column":99}}],"line":216},"60":{"loc":{"start":{"line":222,"column":25},"end":{"line":222,"column":49}},"type":"binary-expr","locations":[{"start":{"line":222,"column":25},"end":{"line":222,"column":43}},{"start":{"line":222,"column":47},"end":{"line":222,"column":49}}],"line":222},"61":{"loc":{"start":{"line":223,"column":6},"end":{"line":227,"column":null}},"type":"if","locations":[{"start":{"line":223,"column":6},"end":{"line":227,"column":null}},{"start":{"line":225,"column":13},"end":{"line":227,"column":null}}],"line":223},"62":{"loc":{"start":{"line":223,"column":10},"end":{"line":223,"column":95}},"type":"binary-expr","locations":[{"start":{"line":223,"column":10},"end":{"line":223,"column":51}},{"start":{"line":223,"column":55},"end":{"line":223,"column":95}}],"line":223},"63":{"loc":{"start":{"line":225,"column":13},"end":{"line":227,"column":null}},"type":"if","locations":[{"start":{"line":225,"column":13},"end":{"line":227,"column":null}},{"start":{},"end":{}}],"line":225},"64":{"loc":{"start":{"line":230,"column":4},"end":{"line":237,"column":null}},"type":"if","locations":[{"start":{"line":230,"column":4},"end":{"line":237,"column":null}},{"start":{},"end":{}}],"line":230},"65":{"loc":{"start":{"line":239,"column":4},"end":{"line":246,"column":null}},"type":"if","locations":[{"start":{"line":239,"column":4},"end":{"line":246,"column":null}},{"start":{},"end":{}}],"line":239},"66":{"loc":{"start":{"line":250,"column":2},"end":{"line":277,"column":null}},"type":"if","locations":[{"start":{"line":250,"column":2},"end":{"line":277,"column":null}},{"start":{"line":269,"column":9},"end":{"line":277,"column":null}}],"line":250},"67":{"loc":{"start":{"line":251,"column":23},"end":{"line":251,"column":73}},"type":"cond-expr","locations":[{"start":{"line":251,"column":44},"end":{"line":251,"column":69}},{"start":{"line":251,"column":72},"end":{"line":251,"column":73}}],"line":251},"68":{"loc":{"start":{"line":252,"column":4},"end":{"line":268,"column":null}},"type":"if","locations":[{"start":{"line":252,"column":4},"end":{"line":268,"column":null}},{"start":{"line":260,"column":11},"end":{"line":268,"column":null}}],"line":252},"69":{"loc":{"start":{"line":260,"column":11},"end":{"line":268,"column":null}},"type":"if","locations":[{"start":{"line":260,"column":11},"end":{"line":268,"column":null}},{"start":{},"end":{}}],"line":260},"70":{"loc":{"start":{"line":280,"column":2},"end":{"line":287,"column":null}},"type":"if","locations":[{"start":{"line":280,"column":2},"end":{"line":287,"column":null}},{"start":{},"end":{}}],"line":280},"71":{"loc":{"start":{"line":280,"column":6},"end":{"line":280,"column":32}},"type":"binary-expr","locations":[{"start":{"line":280,"column":6},"end":{"line":280,"column":10}},{"start":{"line":280,"column":14},"end":{"line":280,"column":17}},{"start":{"line":280,"column":21},"end":{"line":280,"column":32}}],"line":280},"72":{"loc":{"start":{"line":288,"column":2},"end":{"line":295,"column":null}},"type":"if","locations":[{"start":{"line":288,"column":2},"end":{"line":295,"column":null}},{"start":{},"end":{}}],"line":288},"73":{"loc":{"start":{"line":288,"column":6},"end":{"line":288,"column":48}},"type":"binary-expr","locations":[{"start":{"line":288,"column":6},"end":{"line":288,"column":26}},{"start":{"line":288,"column":30},"end":{"line":288,"column":33}},{"start":{"line":288,"column":37},"end":{"line":288,"column":48}}],"line":288},"74":{"loc":{"start":{"line":296,"column":2},"end":{"line":306,"column":null}},"type":"if","locations":[{"start":{"line":296,"column":2},"end":{"line":306,"column":null}},{"start":{},"end":{}}],"line":296},"75":{"loc":{"start":{"line":296,"column":6},"end":{"line":296,"column":20}},"type":"binary-expr","locations":[{"start":{"line":296,"column":6},"end":{"line":296,"column":9}},{"start":{"line":296,"column":13},"end":{"line":296,"column":20}}],"line":296},"76":{"loc":{"start":{"line":298,"column":4},"end":{"line":305,"column":null}},"type":"if","locations":[{"start":{"line":298,"column":4},"end":{"line":305,"column":null}},{"start":{},"end":{}}],"line":298},"77":{"loc":{"start":{"line":298,"column":8},"end":{"line":298,"column":54}},"type":"binary-expr","locations":[{"start":{"line":298,"column":8},"end":{"line":298,"column":28}},{"start":{"line":298,"column":32},"end":{"line":298,"column":54}}],"line":298},"78":{"loc":{"start":{"line":309,"column":2},"end":{"line":322,"column":null}},"type":"if","locations":[{"start":{"line":309,"column":2},"end":{"line":322,"column":null}},{"start":{},"end":{}}],"line":309},"79":{"loc":{"start":{"line":309,"column":6},"end":{"line":309,"column":19}},"type":"binary-expr","locations":[{"start":{"line":309,"column":6},"end":{"line":309,"column":9}},{"start":{"line":309,"column":13},"end":{"line":309,"column":19}}],"line":309},"80":{"loc":{"start":{"line":310,"column":26},"end":{"line":310,"column":45}},"type":"binary-expr","locations":[{"start":{"line":310,"column":26},"end":{"line":310,"column":40}},{"start":{"line":310,"column":44},"end":{"line":310,"column":45}}],"line":310},"81":{"loc":{"start":{"line":312,"column":26},"end":{"line":312,"column":53}},"type":"binary-expr","locations":[{"start":{"line":312,"column":26},"end":{"line":312,"column":48}},{"start":{"line":312,"column":52},"end":{"line":312,"column":53}}],"line":312},"82":{"loc":{"start":{"line":313,"column":4},"end":{"line":321,"column":null}},"type":"if","locations":[{"start":{"line":313,"column":4},"end":{"line":321,"column":null}},{"start":{},"end":{}}],"line":313},"83":{"loc":{"start":{"line":313,"column":8},"end":{"line":313,"column":45}},"type":"binary-expr","locations":[{"start":{"line":313,"column":8},"end":{"line":313,"column":20}},{"start":{"line":313,"column":24},"end":{"line":313,"column":29}},{"start":{"line":313,"column":33},"end":{"line":313,"column":45}}],"line":313},"84":{"loc":{"start":{"line":320,"column":64},"end":{"line":320,"column":143}},"type":"binary-expr","locations":[{"start":{"line":320,"column":64},"end":{"line":320,"column":102}},{"start":{"line":320,"column":106},"end":{"line":320,"column":143}}],"line":320},"85":{"loc":{"start":{"line":320,"column":113},"end":{"line":320,"column":135}},"type":"binary-expr","locations":[{"start":{"line":320,"column":113},"end":{"line":320,"column":130}},{"start":{"line":320,"column":134},"end":{"line":320,"column":135}}],"line":320},"86":{"loc":{"start":{"line":325,"column":2},"end":{"line":348,"column":null}},"type":"if","locations":[{"start":{"line":325,"column":2},"end":{"line":348,"column":null}},{"start":{},"end":{}}],"line":325},"87":{"loc":{"start":{"line":325,"column":6},"end":{"line":325,"column":27}},"type":"binary-expr","locations":[{"start":{"line":325,"column":6},"end":{"line":325,"column":9}},{"start":{"line":325,"column":13},"end":{"line":325,"column":27}}],"line":325},"88":{"loc":{"start":{"line":326,"column":28},"end":{"line":326,"column":65}},"type":"binary-expr","locations":[{"start":{"line":326,"column":28},"end":{"line":326,"column":53}},{"start":{"line":326,"column":57},"end":{"line":326,"column":65}}],"line":326},"89":{"loc":{"start":{"line":327,"column":26},"end":{"line":327,"column":50}},"type":"binary-expr","locations":[{"start":{"line":327,"column":26},"end":{"line":327,"column":45}},{"start":{"line":327,"column":49},"end":{"line":327,"column":50}}],"line":327},"90":{"loc":{"start":{"line":328,"column":28},"end":{"line":328,"column":54}},"type":"binary-expr","locations":[{"start":{"line":328,"column":28},"end":{"line":328,"column":49}},{"start":{"line":328,"column":53},"end":{"line":328,"column":54}}],"line":328},"91":{"loc":{"start":{"line":330,"column":4},"end":{"line":338,"column":null}},"type":"if","locations":[{"start":{"line":330,"column":4},"end":{"line":338,"column":null}},{"start":{},"end":{}}],"line":330},"92":{"loc":{"start":{"line":337,"column":67},"end":{"line":337,"column":88}},"type":"binary-expr","locations":[{"start":{"line":337,"column":67},"end":{"line":337,"column":83}},{"start":{"line":337,"column":87},"end":{"line":337,"column":88}}],"line":337},"93":{"loc":{"start":{"line":340,"column":4},"end":{"line":347,"column":null}},"type":"if","locations":[{"start":{"line":340,"column":4},"end":{"line":347,"column":null}},{"start":{},"end":{}}],"line":340},"94":{"loc":{"start":{"line":351,"column":2},"end":{"line":361,"column":null}},"type":"if","locations":[{"start":{"line":351,"column":2},"end":{"line":361,"column":null}},{"start":{},"end":{}}],"line":351},"95":{"loc":{"start":{"line":351,"column":6},"end":{"line":351,"column":17}},"type":"binary-expr","locations":[{"start":{"line":351,"column":6},"end":{"line":351,"column":9}},{"start":{"line":351,"column":13},"end":{"line":351,"column":17}}],"line":351},"96":{"loc":{"start":{"line":353,"column":4},"end":{"line":360,"column":null}},"type":"if","locations":[{"start":{"line":353,"column":4},"end":{"line":360,"column":null}},{"start":{},"end":{}}],"line":353},"97":{"loc":{"start":{"line":353,"column":8},"end":{"line":353,"column":54}},"type":"binary-expr","locations":[{"start":{"line":353,"column":8},"end":{"line":353,"column":28}},{"start":{"line":353,"column":32},"end":{"line":353,"column":54}}],"line":353},"98":{"loc":{"start":{"line":364,"column":17},"end":{"line":364,"column":86}},"type":"cond-expr","locations":[{"start":{"line":364,"column":48},"end":{"line":364,"column":82}},{"start":{"line":364,"column":85},"end":{"line":364,"column":86}}],"line":364},"99":{"loc":{"start":{"line":365,"column":17},"end":{"line":365,"column":86}},"type":"cond-expr","locations":[{"start":{"line":365,"column":48},"end":{"line":365,"column":82}},{"start":{"line":365,"column":85},"end":{"line":365,"column":86}}],"line":365},"100":{"loc":{"start":{"line":368,"column":2},"end":{"line":370,"column":null}},"type":"if","locations":[{"start":{"line":368,"column":2},"end":{"line":370,"column":null}},{"start":{},"end":{}}],"line":368},"101":{"loc":{"start":{"line":368,"column":6},"end":{"line":368,"column":26}},"type":"binary-expr","locations":[{"start":{"line":368,"column":6},"end":{"line":368,"column":14}},{"start":{"line":368,"column":18},"end":{"line":368,"column":26}}],"line":368},"102":{"loc":{"start":{"line":376,"column":2},"end":{"line":437,"column":null}},"type":"if","locations":[{"start":{"line":376,"column":2},"end":{"line":437,"column":null}},{"start":{},"end":{}}],"line":376},"103":{"loc":{"start":{"line":376,"column":6},"end":{"line":376,"column":16}},"type":"binary-expr","locations":[{"start":{"line":376,"column":6},"end":{"line":376,"column":9}},{"start":{"line":376,"column":13},"end":{"line":376,"column":16}}],"line":376},"104":{"loc":{"start":{"line":379,"column":4},"end":{"line":383,"column":null}},"type":"if","locations":[{"start":{"line":379,"column":4},"end":{"line":383,"column":null}},{"start":{"line":381,"column":11},"end":{"line":383,"column":null}}],"line":379},"105":{"loc":{"start":{"line":381,"column":11},"end":{"line":383,"column":null}},"type":"if","locations":[{"start":{"line":381,"column":11},"end":{"line":383,"column":null}},{"start":{},"end":{}}],"line":381},"106":{"loc":{"start":{"line":388,"column":4},"end":{"line":417,"column":null}},"type":"if","locations":[{"start":{"line":388,"column":4},"end":{"line":417,"column":null}},{"start":{"line":400,"column":11},"end":{"line":417,"column":null}}],"line":388},"107":{"loc":{"start":{"line":399,"column":60},"end":{"line":399,"column":90}},"type":"binary-expr","locations":[{"start":{"line":399,"column":60},"end":{"line":399,"column":85}},{"start":{"line":399,"column":89},"end":{"line":399,"column":90}}],"line":399},"108":{"loc":{"start":{"line":400,"column":11},"end":{"line":417,"column":null}},"type":"if","locations":[{"start":{"line":400,"column":11},"end":{"line":417,"column":null}},{"start":{"line":412,"column":11},"end":{"line":417,"column":null}}],"line":400},"109":{"loc":{"start":{"line":411,"column":62},"end":{"line":411,"column":92}},"type":"binary-expr","locations":[{"start":{"line":411,"column":62},"end":{"line":411,"column":87}},{"start":{"line":411,"column":91},"end":{"line":411,"column":92}}],"line":411},"110":{"loc":{"start":{"line":422,"column":4},"end":{"line":431,"column":null}},"type":"if","locations":[{"start":{"line":422,"column":4},"end":{"line":431,"column":null}},{"start":{"line":425,"column":11},"end":{"line":431,"column":null}}],"line":422},"111":{"loc":{"start":{"line":425,"column":11},"end":{"line":431,"column":null}},"type":"if","locations":[{"start":{"line":425,"column":11},"end":{"line":431,"column":null}},{"start":{"line":428,"column":11},"end":{"line":431,"column":null}}],"line":425},"112":{"loc":{"start":{"line":440,"column":2},"end":{"line":456,"column":null}},"type":"if","locations":[{"start":{"line":440,"column":2},"end":{"line":456,"column":null}},{"start":{},"end":{}}],"line":440},"113":{"loc":{"start":{"line":440,"column":6},"end":{"line":440,"column":53}},"type":"binary-expr","locations":[{"start":{"line":440,"column":6},"end":{"line":440,"column":9}},{"start":{"line":440,"column":13},"end":{"line":440,"column":35}},{"start":{"line":440,"column":39},"end":{"line":440,"column":53}}],"line":440},"114":{"loc":{"start":{"line":441,"column":21},"end":{"line":441,"column":56}},"type":"binary-expr","locations":[{"start":{"line":441,"column":21},"end":{"line":441,"column":38}},{"start":{"line":441,"column":42},"end":{"line":441,"column":51}},{"start":{"line":441,"column":55},"end":{"line":441,"column":56}}],"line":441},"115":{"loc":{"start":{"line":443,"column":20},"end":{"line":443,"column":51}},"type":"binary-expr","locations":[{"start":{"line":443,"column":20},"end":{"line":443,"column":35}},{"start":{"line":443,"column":39},"end":{"line":443,"column":46}},{"start":{"line":443,"column":50},"end":{"line":443,"column":51}}],"line":443},"116":{"loc":{"start":{"line":444,"column":27},"end":{"line":444,"column":57}},"type":"binary-expr","locations":[{"start":{"line":444,"column":27},"end":{"line":444,"column":52}},{"start":{"line":444,"column":56},"end":{"line":444,"column":57}}],"line":444},"117":{"loc":{"start":{"line":445,"column":13},"end":{"line":445,"column":79}},"type":"binary-expr","locations":[{"start":{"line":445,"column":13},"end":{"line":445,"column":33}},{"start":{"line":445,"column":37},"end":{"line":445,"column":59}},{"start":{"line":445,"column":63},"end":{"line":445,"column":79}}],"line":445},"118":{"loc":{"start":{"line":447,"column":4},"end":{"line":455,"column":null}},"type":"if","locations":[{"start":{"line":447,"column":4},"end":{"line":455,"column":null}},{"start":{},"end":{}}],"line":447}},"s":{"0":29,"1":29,"2":29,"3":29,"4":29,"5":29,"6":29,"7":29,"8":29,"9":29,"10":29,"11":29,"12":29,"13":29,"14":29,"15":29,"16":185,"17":61,"18":29,"19":156,"20":10,"21":29,"22":29,"23":29,"24":29,"25":29,"26":7,"27":7,"28":29,"29":29,"30":29,"31":29,"32":29,"33":29,"34":4,"35":4,"36":29,"37":29,"38":29,"39":29,"40":16,"41":16,"42":15,"43":1,"44":1,"45":1,"46":29,"47":4,"48":2,"49":2,"50":0,"51":29,"52":5,"53":5,"54":5,"55":5,"56":5,"57":5,"58":5,"59":6,"60":2,"61":6,"62":6,"63":6,"64":6,"65":5,"66":2,"67":2,"68":0,"69":5,"70":1,"71":5,"72":1,"73":29,"74":2,"75":2,"76":2,"77":1,"78":1,"79":0,"80":29,"81":1,"82":1,"83":1,"84":1,"85":1,"86":0,"87":29,"88":2,"89":2,"90":1,"91":1,"92":1,"93":1,"94":1,"95":0,"96":1,"97":1,"98":1,"99":1,"100":1,"101":0,"102":16,"103":2,"104":2,"105":2,"106":1,"107":1,"108":0,"109":29,"110":2,"111":2,"112":2,"113":2,"114":2,"115":4,"116":4,"117":2,"118":2,"119":2,"120":2,"121":1,"122":2,"123":1,"124":4,"125":4,"126":4,"127":2,"128":2,"129":2,"130":2,"131":1,"132":1,"133":0,"134":25,"135":25,"136":4,"137":29,"138":4,"139":16,"140":14,"141":14,"142":2,"143":16,"144":2,"145":2,"146":2,"147":2,"148":1,"149":1,"150":0,"151":16,"152":2,"153":2,"154":2,"155":2,"156":1,"157":1,"158":0,"159":2,"160":1,"161":9,"162":9,"163":9,"164":2,"165":16,"166":9,"167":29,"168":27,"169":3,"170":29,"171":29,"172":7,"173":7,"174":7,"175":7,"176":1,"177":6,"178":1,"179":7,"180":7,"181":7,"182":1,"183":1,"184":1,"185":0,"186":6,"187":1,"188":1,"189":1,"190":0,"191":5,"192":7,"193":5,"194":5,"195":5,"196":0,"197":0,"198":0,"199":2,"200":2,"201":7,"202":9,"203":1,"204":1,"205":2,"206":2,"207":2,"208":1,"209":1,"210":29,"211":29,"212":1},"f":{"0":29,"1":185,"2":156,"3":7,"4":4,"5":16,"6":0,"7":6,"8":0,"9":0,"10":0,"11":0,"12":0,"13":0,"14":4,"15":2,"16":0,"17":0,"18":0,"19":0,"20":0,"21":2},"b":{"0":[29],"1":[29],"2":[29],"3":[29,23],"4":[29,29],"5":[29,27],"6":[61,124],"7":[61,60,58],"8":[10,146],"9":[15,1],"10":[16,1],"11":[1,0],"12":[4,25],"13":[29,16],"14":[2,2],"15":[2,0],"16":[2,0],"17":[5,24],"18":[29,12],"19":[2,3],"20":[2,3],"21":[2,4],"22":[6,3,3],"23":[6,6],"24":[3,6],"25":[2,3],"26":[1,4],"27":[1,4],"28":[2,27],"29":[29,12],"30":[2,2],"31":[1,1],"32":[2,2],"33":[1,28],"34":[9,29],"35":[1,1],"36":[1,0],"37":[1,0],"38":[0,0],"39":[2,27],"40":[4,29],"41":[1,1],"42":[1,1],"43":[1,1],"44":[1,0],"45":[1,1],"46":[0,0],"47":[1,1],"48":[1,0],"49":[1,0],"50":[0,0],"51":[2,14],"52":[16,2],"53":[2,2],"54":[1,1],"55":[2,1],"56":[2,27],"57":[29,12],"58":[2,2],"59":[2,2],"60":[4,4],"61":[2,2],"62":[4,3],"63":[2,0],"64":[1,1],"65":[1,1],"66":[4,25],"67":[4,4],"68":[2,2],"69":[1,1],"70":[4,21],"71":[12,12,29],"72":[4,25],"73":[29,16,4],"74":[14,2],"75":[29,14],"76":[2,12],"77":[14,12],"78":[2,14],"79":[2,2],"80":[1,2],"81":[2,2],"82":[1,1],"83":[1,1,1],"84":[0,0],"85":[0,1],"86":[2,14],"87":[16,2],"88":[2,2],"89":[2,2],"90":[2,2],"91":[1,1],"92":[0,2],"93":[1,1],"94":[9,0],"95":[9,9],"96":[2,7],"97":[9,7],"98":[2,29],"99":[3,29],"100":[3,24],"101":[27,3],"102":[7,0],"103":[7,7],"104":[1,6],"105":[1,5],"106":[1,6],"107":[0,1],"108":[1,5],"109":[0,1],"110":[5,0],"111":[0,2],"112":[1,8],"113":[9,9,1],"114":[1,1,1],"115":[2,2,2],"116":[2,2],"117":[1,1,1],"118":[1,0]},"meta":{"lastBranch":119,"lastFunction":22,"lastStatement":213,"seen":{"f:11:9:11:22":0,"b:11:40:11:42":0,"s:12:49:12:56":0,"b:12:23:12:30":1,"b:12:42:12:44":2,"s:13:17:13:19":1,"s:14:19:14:21":2,"s:15:15:15:17":3,"s:16:20:16:22":4,"s:19:14:19:23":5,"s:20:22:20:39":6,"s:21:14:21:29":7,"b:21:14:21:23:21:27:21:29":3,"s:22:14:22:23":8,"s:23:17:23:43":9,"b:23:17:23:29:23:33:23:43":4,"s:24:14:24:23":10,"s:25:18:25:37":11,"b:25:18:25:31:25:35:25:37":5,"s:26:17:26:29":12,"s:28:25:28:28":13,"s:29:19:29:20":14,"s:32:19:36:3":15,"f:32:19:32:20":1,"b:33:4:35:Infinity:undefined:undefined:undefined:undefined":6,"s:33:4:35:Infinity":16,"s:34:6:34:Infinity":17,"b:34:20:34:43:34:47:34:62:34:66:34:67":7,"s:39:17:43:3":18,"f:39:17:39:18":2,"b:40:4:42:Infinity:undefined:undefined:undefined:undefined":8,"s:40:4:42:Infinity":19,"s:41:6:41:Infinity":20,"s:45:2:45:16":21,"s:45:17:45:Infinity":22,"s:46:2:46:24":23,"s:46:25:46:Infinity":24,"s:47:2:47:Infinity":25,"f:47:14:47:15":3,"s:47:21:47:33":26,"s:47:34:47:44":27,"s:48:2:48:16":28,"s:48:17:48:Infinity":29,"s:49:2:49:19":30,"s:49:20:49:Infinity":31,"s:50:2:50:Infinity":32,"s:51:2:51:Infinity":33,"f:51:18:51:19":4,"s:51:25:51:37":34,"s:51:38:51:48":35,"s:52:2:52:19":36,"s:52:20:52:Infinity":37,"s:54:29:54:62":38,"s:57:19:70:3":39,"f:57:19:57:20":5,"s:58:17:58:41":40,"b:59:4:59:Infinity:undefined:undefined:undefined:undefined":9,"s:59:4:59:Infinity":41,"b:59:8:59:13:59:17:59:37":10,"s:59:39:59:Infinity":42,"s:60:22:60:44":43,"b:61:4:69:Infinity:undefined:undefined:undefined:undefined":11,"s:61:4:69:Infinity":44,"s:62:6:68:Infinity":45,"b:73:2:83:Infinity:undefined:undefined:undefined:undefined":12,"s:73:2:83:Infinity":46,"b:73:6:73:9:73:13:73:24":13,"b:74:4:82:Infinity:undefined:undefined:undefined:undefined":14,"s:74:4:82:Infinity":47,"s:75:6:80:Infinity":48,"b:78:41:78:58:78:62:78:71":15,"b:78:115:78:140:78:144:78:153":16,"s:81:6:81:Infinity":49,"f:81:77:81:78":6,"s:81:82:81:119":50,"b:86:2:132:Infinity:undefined:undefined:undefined:undefined":17,"s:86:2:132:Infinity":51,"b:86:6:86:17:86:21:86:35":18,"s:87:22:87:51":52,"s:88:21:88:98":53,"b:88:52:88:87:88:90:88:98":19,"s:89:20:89:101":54,"b:89:53:89:90:89:93:89:101":20,"s:91:23:91:24":55,"s:92:24:92:25":56,"s:93:29:93:34":57,"s:95:4:103:Infinity":58,"f:95:16:95:17":7,"b:96:6:98:Infinity:undefined:undefined:undefined:undefined":21,"s:96:6:98:Infinity":59,"b:96:10:96:29:96:33:96:42:96:46:96:78":22,"s:97:8:97:Infinity":60,"s:99:22:99:68":61,"b:99:41:99:64:99:67:99:68":23,"s:100:27:100:93":62,"b:100:56:100:89:100:92:100:93":24,"s:101:6:101:Infinity":63,"s:102:6:102:Infinity":64,"b:105:4:113:Infinity:undefined:undefined:undefined:undefined":25,"s:105:4:113:Infinity":65,"s:106:6:111:Infinity":66,"s:112:6:112:Infinity":67,"f:112:53:112:54":8,"s:112:58:112:91":68,"b:115:4:122:Infinity:undefined:undefined:undefined:undefined":26,"s:115:4:122:Infinity":69,"s:116:6:121:Infinity":70,"b:124:4:131:Infinity:undefined:undefined:undefined:undefined":27,"s:124:4:131:Infinity":71,"s:125:6:130:Infinity":72,"b:135:2:148:Infinity:undefined:undefined:undefined:undefined":28,"s:135:2:148:Infinity":73,"b:135:6:135:17:135:21:135:27":29,"s:136:33:136:73":74,"b:136:33:136:67:136:71:136:73":30,"s:137:25:137:54":75,"b:139:4:147:Infinity:undefined:undefined:undefined:undefined":31,"s:139:4:147:Infinity":76,"b:139:8:139:20:139:24:139:68":32,"s:140:6:145:Infinity":77,"s:146:6:146:Infinity":78,"f:146:70:146:71":9,"s:146:75:146:128":79,"b:151:2:164:Infinity:undefined:undefined:undefined:undefined":33,"s:151:2:164:Infinity":80,"b:151:6:151:9:151:13:151:19":34,"s:152:19:152:71":81,"b:152:41:152:67:152:70:152:71":35,"s:153:23:153:100":82,"b:153:54:153:89:153:92:153:100":36,"b:155:4:163:Infinity:undefined:undefined:undefined:undefined":37,"s:155:4:163:Infinity":83,"s:156:6:161:Infinity":84,"s:162:6:162:Infinity":85,"f:162:59:162:60":10,"s:162:64:162:110":86,"b:162:71:162:94:162:98:162:99":38,"b:167:2:195:Infinity:undefined:undefined:undefined:undefined":39,"s:167:2:195:Infinity":87,"b:167:6:167:12:167:16:167:22":40,"s:168:18:168:61":88,"b:170:4:194:Infinity:182:11:194:Infinity":41,"s:170:4:194:Infinity":89,"s:171:22:171:92":90,"b:171:53:171:88:171:91:171:92":42,"s:172:25:172:60":91,"b:172:25:172:54:172:58:172:60":43,"b:173:6:181:Infinity:undefined:undefined:undefined:undefined":44,"s:173:6:181:Infinity":92,"b:173:10:173:39:173:43:173:80":45,"s:174:8:179:Infinity":93,"s:180:8:180:Infinity":94,"f:180:60:180:61":11,"s:180:65:180:163":95,"b:180:65:180:108:180:112:180:163":46,"s:183:27:183:85":96,"b:183:52:183:81:183:84:183:85":47,"s:184:28:184:111":97,"b:184:62:184:100:184:103:184:111":48,"b:185:6:193:Infinity:undefined:undefined:undefined:undefined":49,"s:185:6:193:Infinity":98,"s:186:8:191:Infinity":99,"s:192:8:192:Infinity":100,"f:192:58:192:59":12,"s:192:63:192:110":101,"b:192:70:192:87:192:91:192:92":50,"b:198:2:211:Infinity:undefined:undefined:undefined:undefined":51,"s:198:2:211:Infinity":102,"b:198:6:198:9:198:13:198:19":52,"s:199:22:199:39":103,"s:200:29:200:65":104,"b:200:29:200:59:200:63:200:65":53,"b:202:4:210:Infinity:undefined:undefined:undefined:undefined":54,"s:202:4:210:Infinity":105,"b:202:8:202:17:202:21:202:58":55,"s:203:6:208:Infinity":106,"s:209:6:209:Infinity":107,"f:209:69:209:70":13,"s:209:74:209:120":108,"b:214:2:247:Infinity:undefined:undefined:undefined:undefined":56,"s:214:2:247:Infinity":109,"b:214:6:214:17:214:21:214:39":57,"s:215:22:215:88":110,"b:215:51:215:84:215:87:215:88":58,"s:216:19:216:99":111,"b:216:55:216:95:216:98:216:99":59,"s:218:20:218:21":112,"s:219:20:219:21":113,"s:221:4:228:Infinity":114,"f:221:20:221:21":14,"s:222:25:222:49":115,"b:222:25:222:43:222:47:222:49":60,"b:223:6:227:Infinity:225:13:227:Infinity":61,"s:223:6:227:Infinity":116,"b:223:10:223:51:223:55:223:95":62,"s:224:8:224:Infinity":117,"b:225:13:227:Infinity:undefined:undefined:undefined:undefined":63,"s:225:13:227:Infinity":118,"s:226:8:226:Infinity":119,"b:230:4:237:Infinity:undefined:undefined:undefined:undefined":64,"s:230:4:237:Infinity":120,"s:231:6:236:Infinity":121,"b:239:4:246:Infinity:undefined:undefined:undefined:undefined":65,"s:239:4:246:Infinity":122,"s:240:6:245:Infinity":123,"b:250:2:277:Infinity:269:9:277:Infinity":66,"s:250:2:277:Infinity":124,"s:251:23:251:73":125,"b:251:44:251:69:251:72:251:73":67,"b:252:4:268:Infinity:260:11:268:Infinity":68,"s:252:4:268:Infinity":126,"s:253:6:258:Infinity":127,"s:259:6:259:Infinity":128,"f:259:82:259:83":15,"s:259:87:259:133":129,"b:260:11:268:Infinity:undefined:undefined:undefined:undefined":69,"s:260:11:268:Infinity":130,"s:261:6:266:Infinity":131,"s:267:6:267:Infinity":132,"f:267:54:267:55":16,"s:267:59:267:105":133,"s:271:4:276:Infinity":134,"b:280:2:287:Infinity:undefined:undefined:undefined:undefined":70,"s:280:2:287:Infinity":135,"b:280:6:280:10:280:14:280:17:280:21:280:32":71,"s:281:4:286:Infinity":136,"b:288:2:295:Infinity:undefined:undefined:undefined:undefined":72,"s:288:2:295:Infinity":137,"b:288:6:288:26:288:30:288:33:288:37:288:48":73,"s:289:4:294:Infinity":138,"b:296:2:306:Infinity:undefined:undefined:undefined:undefined":74,"s:296:2:306:Infinity":139,"b:296:6:296:9:296:13:296:20":75,"s:297:23:297:52":140,"b:298:4:305:Infinity:undefined:undefined:undefined:undefined":76,"s:298:4:305:Infinity":141,"b:298:8:298:28:298:32:298:54":77,"s:299:7:304:Infinity":142,"b:309:2:322:Infinity:undefined:undefined:undefined:undefined":78,"s:309:2:322:Infinity":143,"b:309:6:309:9:309:13:309:19":79,"s:310:19:310:46":144,"b:310:26:310:40:310:44:310:45":80,"s:311:18:311:61":145,"s:312:19:312:54":146,"b:312:26:312:48:312:52:312:53":81,"b:313:4:321:Infinity:undefined:undefined:undefined:undefined":82,"s:313:4:321:Infinity":147,"b:313:8:313:20:313:24:313:29:313:33:313:45":83,"s:314:6:319:Infinity":148,"s:320:6:320:Infinity":149,"f:320:59:320:60":17,"s:320:64:320:143":150,"b:320:64:320:102:320:106:320:143":84,"b:320:113:320:130:320:134:320:135":85,"b:325:2:348:Infinity:undefined:undefined:undefined:undefined":86,"s:325:2:348:Infinity":151,"b:325:6:325:9:325:13:325:27":87,"s:326:21:326:66":152,"b:326:28:326:53:326:57:326:65":88,"s:327:19:327:51":153,"b:327:26:327:45:327:49:327:50":89,"s:328:21:328:55":154,"b:328:28:328:49:328:53:328:54":90,"b:330:4:338:Infinity:undefined:undefined:undefined:undefined":91,"s:330:4:338:Infinity":155,"s:331:6:336:Infinity":156,"s:337:6:337:Infinity":157,"f:337:55:337:56":18,"s:337:60:337:94":158,"b:337:67:337:83:337:87:337:88":92,"b:340:4:347:Infinity:undefined:undefined:undefined:undefined":93,"s:340:4:347:Infinity":159,"s:341:6:346:Infinity":160,"b:351:2:361:Infinity:undefined:undefined:undefined:undefined":94,"s:351:2:361:Infinity":161,"b:351:6:351:9:351:13:351:17":95,"s:352:23:352:52":162,"b:353:4:360:Infinity:undefined:undefined:undefined:undefined":96,"s:353:4:360:Infinity":163,"b:353:8:353:28:353:32:353:54":97,"s:354:6:359:Infinity":164,"s:364:17:364:86":165,"b:364:48:364:82:364:85:364:86":98,"s:365:17:365:86":166,"b:365:48:365:82:365:85:365:86":99,"s:367:19:367:20":167,"b:368:2:370:Infinity:undefined:undefined:undefined:undefined":100,"s:368:2:370:Infinity":168,"b:368:6:368:14:368:18:368:26":101,"s:369:4:369:80":169,"s:373:19:373:23":170,"s:374:28:374:32":171,"b:376:2:437:Infinity:undefined:undefined:undefined:undefined":102,"s:376:2:437:Infinity":172,"b:376:6:376:9:376:13:376:16":103,"s:377:20:377:23":173,"s:378:20:378:23":174,"b:379:4:383:Infinity:381:11:383:Infinity":104,"s:379:4:383:Infinity":175,"s:380:6:380:Infinity":176,"b:381:11:383:Infinity:undefined:undefined:undefined:undefined":105,"s:381:11:383:Infinity":177,"s:382:6:382:Infinity":178,"s:385:24:385:44":179,"s:386:24:386:44":180,"b:388:4:417:Infinity:400:11:417:Infinity":106,"s:388:4:417:Infinity":181,"s:389:6:392:Infinity":182,"s:393:6:398:Infinity":183,"s:399:6:399:Infinity":184,"f:399:48:399:49":19,"s:399:53:399:107":185,"b:399:60:399:85:399:89:399:90":107,"b:400:11:417:Infinity:412:11:417:Infinity":108,"s:400:11:417:Infinity":186,"s:401:6:404:Infinity":187,"s:405:6:410:Infinity":188,"s:411:6:411:Infinity":189,"f:411:50:411:51":20,"s:411:55:411:109":190,"b:411:62:411:87:411:91:411:92":109,"s:413:6:416:Infinity":191,"s:420:21:420:46":192,"b:422:4:431:Infinity:425:11:431:Infinity":110,"s:422:4:431:Infinity":193,"s:423:6:423:Infinity":194,"s:424:6:424:Infinity":195,"b:425:11:431:Infinity:428:11:431:Infinity":111,"s:425:11:431:Infinity":196,"s:426:6:426:Infinity":197,"s:427:6:427:Infinity":198,"s:429:6:429:Infinity":199,"s:430:6:430:Infinity":200,"s:432:4:436:Infinity":201,"b:440:2:456:Infinity:undefined:undefined:undefined:undefined":112,"s:440:2:456:Infinity":202,"b:440:6:440:9:440:13:440:35:440:39:440:53":113,"s:441:21:441:56":203,"b:441:21:441:38:441:42:441:51:441:55:441:56":114,"s:442:23:446:6":204,"f:442:43:442:44":21,"s:443:20:443:51":205,"b:443:20:443:35:443:39:443:46:443:50:443:51":115,"s:444:20:444:58":206,"b:444:27:444:52:444:56:444:57":116,"s:445:6:445:Infinity":207,"b:445:13:445:33:445:37:445:59:445:63:445:79":117,"b:447:4:455:Infinity:undefined:undefined:undefined:undefined":118,"s:447:4:455:Infinity":208,"s:448:6:454:Infinity":209,"s:459:2:459:Infinity":210,"s:461:2:473:Infinity":211,"s:476:0:478:Infinity":212},"fnNames":{}}}
}
